{
  "numTotalTestSuites": 126,
  "numPassedTestSuites": 126,
  "numFailedTestSuites": 0,
  "numPendingTestSuites": 0,
  "numTotalTests": 340,
  "numPassedTests": 334,
  "numFailedTests": 6,
  "numPendingTests": 0,
  "numTodoTests": 0,
  "startTime": 1773314563254,
  "success": false,
  "testResults": [
    {
      "assertionResults": [
        {
          "ancestorTitles": [
            "",
            "App auth flow integration"
          ],
          "fullName": " App auth flow integration login redirects to /teams",
          "status": "failed",
          "title": "login redirects to /teams",
          "duration": 2151,
          "failureMessages": [
            "Unable to find an element with the text: My Teams. This could be because the text is broken up by multiple elements. In this case, you can provide a function for your text matcher to make your matcher more flexible.\n\nIgnored nodes: comments, script, style\n\u001b[36m<body>\u001b[39m\n  \u001b[36m<div>\u001b[39m\n    \u001b[36m<div\u001b[39m\n      \u001b[33mclass\u001b[39m=\u001b[32m\"min-h-screen bg-gray-50\"\u001b[39m\n    \u001b[36m>\u001b[39m\n      \u001b[36m<header\u001b[39m\n        \u001b[33mclass\u001b[39m=\u001b[32m\"bg-white shadow\"\u001b[39m\n      \u001b[36m>\u001b[39m\n        \u001b[36m<div\u001b[39m\n          \u001b[33mclass\u001b[39m=\u001b[32m\"max-w-7xl mx-auto px-4 sm:px-6 lg:px-8 py-4\"\u001b[39m\n        \u001b[36m>\u001b[39m\n          \u001b[36m<div\u001b[39m\n            \u001b[33mclass\u001b[39m=\u001b[32m\"flex justify-between items-center\"\u001b[39m\n          \u001b[36m>\u001b[39m\n            \u001b[36m<div\u001b[39m\n              \u001b[33mclass\u001b[39m=\u001b[32m\"flex items-center\"\u001b[39m\n            \u001b[36m>\u001b[39m\n              \u001b[36m<button\u001b[39m\n                \u001b[33mclass\u001b[39m=\u001b[32m\"text-xl font-semibold text-gray-900 hover:text-teal-600 transition-colors\"\u001b[39m\n                \u001b[33mtype\u001b[39m=\u001b[32m\"button\"\u001b[39m\n              \u001b[36m>\u001b[39m\n                \u001b[0mAAPR\u001b[0m\n              \u001b[36m</button>\u001b[39m\n            \u001b[36m</div>\u001b[39m\n            \u001b[36m<nav\u001b[39m\n              \u001b[33mclass\u001b[39m=\u001b[32m\"hidden md:flex items-center gap-6\"\u001b[39m\n            \u001b[36m>\u001b[39m\n              \u001b[36m<a\u001b[39m\n                \u001b[33mclass\u001b[39m=\u001b[32m\"text-sm font-medium transition-colors text-gray-700 hover:text-teal-600\"\u001b[39m\n                \u001b[33mdata-discover\u001b[39m=\u001b[32m\"true\"\u001b[39m\n                \u001b[33mhref\u001b[39m=\u001b[32m\"/practices\"\u001b[39m\n              \u001b[36m>\u001b[39m\n                \u001b[0mPractice Catalog\u001b[0m\n              \u001b[36m</a>\u001b[39m\n              \u001b[36m<div\u001b[39m\n                \u001b[33mclass\u001b[39m=\u001b[32m\"flex items-center gap-2 text-sm text-gray-700 ml-4 border-l pl-6 border-gray-200\"\u001b[39m\n              \u001b[36m>\u001b[39m\n                \u001b[36m<div\u001b[39m\n                  \u001b[33mclass\u001b[39m=\u001b[32m\"w-8 h-8 rounded-full bg-teal-100 flex items-center justify-center\"\u001b[39m\n                \u001b[36m>\u001b[39m\n                  \u001b[36m<span\u001b[39m\n                    \u001b[33mclass\u001b[39m=\u001b[32m\"text-teal-700 font-medium\"\u001b[39m\n                  \u001b[36m>\u001b[39m\n                    \u001b[0mT\u001b[0m\n                  \u001b[36m</span>\u001b[39m\n                \u001b[36m</div>\u001b[39m\n                \u001b[36m<span\u001b[39m\n                  \u001b[33mclass\u001b[39m=\u001b[32m\"hidden lg:inline\"\u001b[39m\n                \u001b[36m>\u001b[39m\n                  \u001b[0mTest User\u001b[0m\n                \u001b[36m</span>\u001b[39m\n              \u001b[36m</div>\u001b[39m\n              \u001b[36m<button\u001b[39m\n                \u001b[33mclass\u001b[39m=\u001b[32m\"text-sm font-medium text-indigo-600 hover:text-indigo-800 disabled:opacity-50 transition-colors\"\u001b[39m\n                \u001b[33mtype\u001b[39m=\u001b[32m\"button\"\u001b[39m\n              \u001b[36m>\u001b[39m\n                \u001b[0mLogout\u001b[0m\n              \u001b[36m</button>\u001b[39m\n            \u001b[36m</nav>\u001b[39m\n            \u001b[36m<div\u001b[39m\n              \u001b[33mclass\u001b[39m=\u001b[32m\"flex items-center md:hidden\"\u001b[39m\n            \u001b[36m>\u001b[39m\n              \u001b[36m<button\u001b[39m\n                \u001b[33maria-expanded\u001b[39m=\u001b[32m\"false\"\u001b[39m\n                \u001b[33mclass\u001b[39m=\u001b[32m\"inline-flex items-center justify-center p-2 rounded-md text-gray-700 hover:text-teal-600 hover:bg-gray-100 focus:outline-none focus:ring-2 focus:ring-inset focus:ring-teal-500\"\u001b[39m\n                \u001b[33mdata-testid\u001b[39m=\u001b[32m\"mobile-menu-button\"\u001b[39m\n                \u001b[33mtype\u001b[39m=\u001b[32m\"button\"\u001b[39m\n              \u001b[36m>\u001b[39m\n                \u001b[36m<span\u001b[39m\n                  \u001b[33mclass\u001b[39m=\u001b[32m\"sr-only\"\u001b[39m\n                \u001b[36m>\u001b[39m\n                  \u001b[0mOpen main menu\u001b[0m\n                \u001b[36m</span>\u001b[39m\n                \u001b[36m<svg\u001b[39m\n                  \u001b[33maria-hidden\u001b[39m=\u001b[32m\"true\"\u001b[39m\n                  \u001b[33mclass\u001b[39m=\u001b[32m\"block h-6 w-6\"\u001b[39m\n                  \u001b[33mfill\u001b[39m=\u001b[32m\"none\"\u001b[39m\n                  \u001b[33mstroke\u001b[39m=\u001b[32m\"currentColor\"\u001b[39m\n                  \u001b[33mviewBox\u001b[39m=\u001b[32m\"0 0 24 24\"\u001b[39m\n                  \u001b[33mxmlns\u001b[39m=\u001b[32m\"http://www.w3.org/2000/svg\"\u001b[39m\n                \u001b[36m>\u001b[39m\n                  \u001b[36m<path\u001b[39m\n                    \u001b[33md\u001b[39m=\u001b[32m\"M4 6h16M4 12h16M4 18h16\"\u001b[39m\n                    \u001b[33mstroke-linecap\u001b[39m=\u001b[32m\"round\"\u001b[39m\n                    \u001b[33mstroke-linejoin\u001b[39m=\u001b[32m\"round\"\u001b[39m\n                    \u001b[33mstroke-width\u001b[39m=\u001b[32m\"2\"\u001b[39m\n                  \u001b[36m/>\u001b[39m\n                \u001b[36m</svg>\u001b[39m\n              \u001b[36m</button>\u001b[39m\n            \u001b[36m</div>\u001b[39m\n          \u001b[36m</div>\u001b[39m\n        \u001b[36m</div>\u001b[39m\n      \u001b[36m</header>\u001b[39m\n      \u001b[36m<main>\u001b[39m\n        \u001b[36m<div\u001b[39m\n          \u001b[33mclass\u001b[39m=\u001b[32m\"max-w-2xl mx-auto p-6\"\u001b[39m\n        \u001b[36m>\u001b[39m\n          \u001b[36m<div\u001b[39m\n            \u001b[33mclass\u001b[39m=\u001b[32m\"text-center mb-8\"\u001b[39m\n          \u001b[36m>\u001b[39m\n            \u001b[36m<h1\u001b[39m\n              \u001b[33mclass\u001b[39m=\u001b[32m\"text-3xl font-bold text-gray-900 mb-4\"\u001b[39m\n            \u001b[36m>\u001b[39m\n              \u001b[0mBig Five Personality Assessment\u001b[0m\n            \u001b[36m</h1>\u001b[39m\n            \u001b[36m<p\u001b[39m\n              \u001b[33mclass\u001b[39m=\u001b[32m\"text-lg text-gray-600 mb-6\"\u001b[39m\n            \u001b[36m>\u001b[39m\n              \u001b[0mDiscover your personality profile to get personalized practice recommendations.\u001b[0m\n            \u001b[36m</p>\u001b[39m\n          \u001b[36m</div>\u001b[39m\n          \u001b[36m<div\u001b[39m\n            \u001b[33mclass\u001b[39m=\u001b[32m\"bg-white border border-gray-200 rounded-lg p-6 mb-6\"\u001b[39m\n          \u001b[36m>\u001b[39m\n            \u001b[36m<h2\u001b[39m\n              \u001b[33mclass\u001b[39m=\u001b[32m\"text-xl font-semibold text-gray-900 mb-4\"\u001b[39m\n            \u001b[36m>\u001b[39m\n              \u001b[0mWhat you'll learn:\u001b[0m\n            \u001b[36m</h2>\u001b[39m\n            \u001b[36m<ul\u001b[39m\n              \u001b[33mclass\u001b[39m=\u001b[32m\"space-y-3 text-gray-700\"\u001b[39m\n            \u001b[36m>\u001b[39m\n              \u001b[36m<li\u001b[39m\n                \u001b[33mclass\u001b[39m=\u001b[32m\"flex items-start\"\u001b[39m\n              \u001b[36m>\u001b[39m\n                \u001b[36m<span\u001b[39m\n                  \u001b[33mclass\u001b[39m=\u001b[32m\"text-blue-600 mr-2\"\u001b[39m\n                \u001b[36m>\u001b[39m\n                  \u001b[0m✓\u001b[0m\n                \u001b[36m</span>\u001b[39m\n                \u001b[36m<span>\u001b[39m\n                  \u001b[36m<strong>\u001b[39m\n                    \u001b[0mExtraversion:\u001b[0m\n                  \u001b[36m</strong>\u001b[39m\n                  \u001b[0m Your sociability and energy levels\u001b[0m\n                \u001b[36m</span>\u001b[39m\n              \u001b[36m</li>\u001b[39m\n              \u001b[36m<li\u001b[39m\n                \u001b[33mclass\u001b[39m=\u001b[32m\"flex items-start\"\u001b[39m\n              \u001b[36m>\u001b[39m\n                \u001b[36m<span\u001b[39m\n                  \u001b[33mclass\u001b[39m=\u001b[32m\"text-blue-600 mr-2\"\u001b[39m\n                \u001b[36m>\u001b[39m\n                  \u001b[0m✓\u001b[0m\n                \u001b[36m</span>\u001b[39m\n                \u001b[36m<span>\u001b[39m\n                  \u001b[36m<strong>\u001b[39m\n                    \u001b[0mAgreeableness:\u001b[0m\n                  \u001b[36m</strong>\u001b[39m\n                  \u001b[0m Your cooperation and empathy\u001b[0m\n                \u001b[36m</span>\u001b[39m\n              \u001b[36m</li>\u001b[39m\n              \u001b[36m<li\u001b[39m\n                \u001b[33mclass\u001b[39m=\u001b[32m\"flex items-start\"\u001b[39m\n              \u001b[36m>\u001b[39m\n                \u001b[36m<span\u001b[39m\n                  \u001b[33mclass\u001b[39m=\u001b[32m\"text-blue-600 mr-2\"\u001b[39m\n                \u001b[36m>\u001b[39m\n                  \u001b[0m✓\u001b[0m\n                \u001b[36m</span>\u001b[39m\n                \u001b[36m<span>\u001b[39m\n                  \u001b[36m<strong>\u001b[39m\n                    \u001b[0mConscientiousness:\u001b[0m\n                  \u001b[36m</strong>\u001b[39m\n                  \u001b[0m Your organization and reliability\u001b[0m\n                \u001b[36m</span>\u001b[39m\n              \u001b[36m</li>\u001b[39m\n              \u001b[36m<li\u001b[39m\n                \u001b[33mclass\u001b[39m=\u001b[32m\"flex items-start\"\u001b[39m\n              \u001b[36m>\u001b[39m\n                \u001b[36m<span\u001b[39m\n                  \u001b[33mclass\u001b[39m=\u001b[32m\"text-blue-600 mr-2\"\u001b[39m\n                \u001b[36m>\u001b[39m\n                  \u001b[0m✓\u001b[0m\n                \u001b[36m</span>\u001b[39m\n                \u001b[36m<span>\u001b[39m\n                  \u001b[36m<strong>\u001b[39m\n                    \u001b[0mNeuroticism:\u001b[0m\n                  \u001b[36m</strong>\u001b[39m\n                  \u001b[0m Your emotional stability\u001b[0m\n                \u001b[36m</span>\u001b[39m\n              \u001b[36m</li>\u001b[39m\n              \u001b[36m<li\u001b[39m\n                \u001b[33mclass\u001b[39m=\u001b[32m\"flex items-start\"\u001b[39m\n              \u001b[36m>\u001b[39m\n                \u001b[36m<span\u001b[39m\n                  \u001b[33mclass\u001b[39m=\u001b[32m\"text-blue-600 mr-2\"\u001b[39m\n                \u001b[36m>\u001b[39m\n                  \u001b[0m✓\u001b[0m\n                \u001b[36m</span>\u001b[39m\n                \u001b[36m<span>\u001b[39m\n                  \u001b[36m<strong>\u001b[39m\n                    \u001b[0mOpenness:\u001b[0m\n                  \u001b[36m</strong>\u001b[39m\n                  \u001b[0m Your creativity and curiosity\u001b[0m\n                \u001b[36m</span>\u001b[39m\n              \u001b[36m</li>\u001b[39m\n            \u001b[36m</ul>\u001b[39m\n          \u001b[36m</div>\u001b[39m\n          \u001b[36m<div\u001b[39m\n            \u001b[33mclass\u001b[39m=\u001b[32m\"bg-blue-50 border border-blue-200 rounded-lg p-4 mb-6\"\u001b[39m\n          \u001b[36m>\u001b[39m\n            \u001b[36m<p\u001b[39m\n              \u001b[33mclass\u001b[39m=\u001b[32m\"text-sm text-blue-900\"\u001b[39m\n            \u001b[36m>\u001b[39m\n              \u001b[36m<strong>\u001b[39m\n                \u001b[0mTime required:\u001b[0m\n              \u001b[36m</strong>\u001b[39m\n              \u001b[0m 5-10 minutes • \u001b[0m\n              \u001b[36m<strong>\u001b[39m\n                \u001b[0mQuestions:\u001b[0m\n              \u001b[36m</strong>\u001b[39m\n              \u001b[0m 44 items\u001b[0m\n            \u001b[36m</p>\u001b[39m\n          \u001b[36m</div>\u001b[39m\n          \u001b[36m<button\u001b[39m\n            \u001b[33mclass\u001b[39m=\u001b[32m\"w-full px-6 py-3 bg-blue-600 text-white rounded-lg hover:bg-blue-700 font-medium text-lg\"\u001b[39m\n          \u001b[36m>\u001b[39m\n            \u001b[0mStart Questionnaire\u001b[0m\n          \u001b[36m</button>\u001b[39m\n        \u001b[36m</div>\u001b[39m\n      \u001b[36m</main>\u001b[39m\n    \u001b[36m</div>\u001b[39m\n  \u001b[36m</div>\u001b[39m\n\u001b[36m</body>\u001b[39m\n\nIgnored nodes: comments, script, style\n\u001b[36m<body>\u001b[39m\n  \u001b[36m<div>\u001b[39m\n    \u001b[36m<div\u001b[39m\n      \u001b[33mclass\u001b[39m=\u001b[32m\"min-h-screen bg-gray-50\"\u001b[39m\n    \u001b[36m>\u001b[39m\n      \u001b[36m<header\u001b[39m\n        \u001b[33mclass\u001b[39m=\u001b[32m\"bg-white shadow\"\u001b[39m\n      \u001b[36m>\u001b[39m\n        \u001b[36m<div\u001b[39m\n          \u001b[33mclass\u001b[39m=\u001b[32m\"max-w-7xl mx-auto px-4 sm:px-6 lg:px-8 py-4\"\u001b[39m\n        \u001b[36m>\u001b[39m\n          \u001b[36m<div\u001b[39m\n            \u001b[33mclass\u001b[39m=\u001b[32m\"flex justify-between items-center\"\u001b[39m\n          \u001b[36m>\u001b[39m\n            \u001b[36m<div\u001b[39m\n              \u001b[33mclass\u001b[39m=\u001b[32m\"flex items-center\"\u001b[39m\n            \u001b[36m>\u001b[39m\n              \u001b[36m<button\u001b[39m\n                \u001b[33mclass\u001b[39m=\u001b[32m\"text-xl font-semibold text-gray-900 hover:text-teal-600 transition-colors\"\u001b[39m\n                \u001b[33mtype\u001b[39m=\u001b[32m\"button\"\u001b[39m\n              \u001b[36m>\u001b[39m\n                \u001b[0mAAPR\u001b[0m\n              \u001b[36m</button>\u001b[39m\n            \u001b[36m</div>\u001b[39m\n            \u001b[36m<nav\u001b[39m\n              \u001b[33mclass\u001b[39m=\u001b[32m\"hidden md:flex items-center gap-6\"\u001b[39m\n            \u001b[36m>\u001b[39m\n              \u001b[36m<a\u001b[39m\n                \u001b[33mclass\u001b[39m=\u001b[32m\"text-sm font-medium transition-colors text-gray-700 hover:text-teal-600\"\u001b[39m\n                \u001b[33mdata-discover\u001b[39m=\u001b[32m\"true\"\u001b[39m\n                \u001b[33mhref\u001b[39m=\u001b[32m\"/practices\"\u001b[39m\n              \u001b[36m>\u001b[39m\n                \u001b[0mPractice Catalog\u001b[0m\n              \u001b[36m</a>\u001b[39m\n              \u001b[36m<div\u001b[39m\n                \u001b[33mclass\u001b[39m=\u001b[32m\"flex items-center gap-2 text-sm text-gray-700 ml-4 border-l pl-6 border-gray-200\"\u001b[39m\n              \u001b[36m>\u001b[39m\n                \u001b[36m<div\u001b[39m\n                  \u001b[33mclass\u001b[39m=\u001b[32m\"w-8 h-8 rounded-full bg-teal-100 flex items-center justify-center\"\u001b[39m\n                \u001b[36m>\u001b[39m\n                  \u001b[36m<span\u001b[39m\n                    \u001b[33mclass\u001b[39m=\u001b[32m\"text-teal-700 font-medium\"\u001b[39m\n                  \u001b[36m>\u001b[39m\n                    \u001b[0mT\u001b[0m\n                  \u001b[36m</span>\u001b[39m\n                \u001b[36m</div>\u001b[39m\n                \u001b[36m<span\u001b[39m\n                  \u001b[33mclass\u001b[39m=\u001b[32m\"hidden lg:inline\"\u001b[39m\n                \u001b[36m>\u001b[39m\n                  \u001b[0mTest User\u001b[0m\n                \u001b[36m</span>\u001b[39m\n              \u001b[36m</div>\u001b[39m\n              \u001b[36m<button\u001b[39m\n                \u001b[33mclass\u001b[39m=\u001b[32m\"text-sm font-medium text-indigo-600 hover:text-indigo-800 disabled:opacity-50 transition-colors\"\u001b[39m\n                \u001b[33mtype\u001b[39m=\u001b[32m\"button\"\u001b[39m\n              \u001b[36m>\u001b[39m\n                \u001b[0mLogout\u001b[0m\n              \u001b[36m</button>\u001b[39m\n            \u001b[36m</nav>\u001b[39m\n            \u001b[36m<div\u001b[39m\n              \u001b[33mclass\u001b[39m=\u001b[32m\"flex items-center md:hidden\"\u001b[39m\n            \u001b[36m>\u001b[39m\n              \u001b[36m<button\u001b[39m\n                \u001b[33maria-expanded\u001b[39m=\u001b[32m\"false\"\u001b[39m\n                \u001b[33mclass\u001b[39m=\u001b[32m\"inline-flex items-center justify-center p-2 rounded-md text-gray-700 hover:text-teal-600 hover:bg-gray-100 focus:outline-none focus:ring-2 focus:ring-inset focus:ring-teal-500\"\u001b[39m\n                \u001b[33mdata-testid\u001b[39m=\u001b[32m\"mobile-menu-button\"\u001b[39m\n                \u001b[33mtype\u001b[39m=\u001b[32m\"button\"\u001b[39m\n              \u001b[36m>\u001b[39m\n                \u001b[36m<span\u001b[39m\n                  \u001b[33mclass\u001b[39m=\u001b[32m\"sr-only\"\u001b[39m\n                \u001b[36m>\u001b[39m\n                  \u001b[0mOpen main menu\u001b[0m\n                \u001b[36m</span>\u001b[39m\n                \u001b[36m<svg\u001b[39m\n                  \u001b[33maria-hidden\u001b[39m=\u001b[32m\"true\"\u001b[39m\n                  \u001b[33mclass\u001b[39m=\u001b[32m\"block h-6 w-6\"\u001b[39m\n                  \u001b[33mfill\u001b[39m=\u001b[32m\"none\"\u001b[39m\n                  \u001b[33mstroke\u001b[39m=\u001b[32m\"currentColor\"\u001b[39m\n                  \u001b[33mviewBox\u001b[39m=\u001b[32m\"0 0 24 24\"\u001b[39m\n                  \u001b[33mxmlns\u001b[39m=\u001b[32m\"http://www.w3.org/2000/svg\"\u001b[39m\n                \u001b[36m>\u001b[39m\n                  \u001b[36m<path\u001b[39m\n                    \u001b[33md\u001b[39m=\u001b[32m\"M4 6h16M4 12h16M4 18h16\"\u001b[39m\n                    \u001b[33mstroke-linecap\u001b[39m=\u001b[32m\"round\"\u001b[39m\n                    \u001b[33mstroke-linejoin\u001b[39m=\u001b[32m\"round\"\u001b[39m\n                    \u001b[33mstroke-width\u001b[39m=\u001b[32m\"2\"\u001b[39m\n                  \u001b[36m/>\u001b[39m\n                \u001b[36m</svg>\u001b[39m\n              \u001b[36m</button>\u001b[39m\n            \u001b[36m</div>\u001b[39m\n          \u001b[36m</div>\u001b[39m\n        \u001b[36m</div>\u001b[39m\n      \u001b[36m</header>\u001b[39m\n      \u001b[36m<main>\u001b[39m\n        \u001b[36m<div\u001b[39m\n          \u001b[33mclass\u001b[39m=\u001b[32m\"max-w-2xl mx-auto p-6\"\u001b[39m\n        \u001b[36m>\u001b[39m\n          \u001b[36m<div\u001b[39m\n            \u001b[33mclass\u001b[39m=\u001b[32m\"text-center mb-8\"\u001b[39m\n          \u001b[36m>\u001b[39m\n            \u001b[36m<h1\u001b[39m\n              \u001b[33mclass\u001b[39m=\u001b[32m\"text-3xl font-bold text-gray-900 mb-4\"\u001b[39m\n            \u001b[36m>\u001b[39m\n              \u001b[0mBig Five Personality Assessment\u001b[0m\n            \u001b[36m</h1>\u001b[39m\n            \u001b[36m<p\u001b[39m\n              \u001b[33mclass\u001b[39m=\u001b[32m\"text-lg text-gray-600 mb-6\"\u001b[39m\n            \u001b[36m>\u001b[39m\n              \u001b[0mDiscover your personality profile to get personalized practice recommendations.\u001b[0m\n            \u001b[36m</p>\u001b[39m\n          \u001b[36m</div>\u001b[39m\n          \u001b[36m<div\u001b[39m\n            \u001b[33mclass\u001b[39m=\u001b[32m\"bg-white border border-gray-200 rounded-lg p-6 mb-6\"\u001b[39m\n          \u001b[36m>\u001b[39m\n            \u001b[36m<h2\u001b[39m\n              \u001b[33mclass\u001b[39m=\u001b[32m\"text-xl font-semibold text-gray-900 mb-4\"\u001b[39m\n            \u001b[36m>\u001b[39m\n              \u001b[0mWhat you'll learn:\u001b[0m\n            \u001b[36m</h2>\u001b[39m\n            \u001b[36m<ul\u001b[39m\n              \u001b[33mclass\u001b[39m=\u001b[32m\"space-y-3 text-gray-700\"\u001b[39m\n            \u001b[36m>\u001b[39m\n              \u001b[36m<li\u001b[39m\n                \u001b[33mclass\u001b[39m=\u001b[32m\"flex items-start\"\u001b[39m\n              \u001b[36m>\u001b[39m\n                \u001b[36m<span\u001b[39m\n                  \u001b[33mclass\u001b[39m=\u001b[32m\"text-blue-600 mr-2\"\u001b[39m\n                \u001b[36m>\u001b[39m\n                  \u001b[0m✓\u001b[0m\n                \u001b[36m</span>\u001b[39m\n                \u001b[36m<span>\u001b[39m\n                  \u001b[36m<strong>\u001b[39m\n                    \u001b[0mExtraversion:\u001b[0m\n                  \u001b[36m</strong>\u001b[39m\n                  \u001b[0m Your sociability and energy levels\u001b[0m\n                \u001b[36m</span>\u001b[39m\n              \u001b[36m</li>\u001b[39m\n              \u001b[36m<li\u001b[39m\n                \u001b[33mclass\u001b[39m=\u001b[32m\"flex items-start\"\u001b[39m\n              \u001b[36m>\u001b[39m\n                \u001b[36m<span\u001b[39m\n                  \u001b[33mclass\u001b[39m=\u001b[32m\"text-blue-600 mr-2\"\u001b[39m\n                \u001b[36m>\u001b[39m\n                  \u001b[0m✓\u001b[0m\n                \u001b[36m</span>\u001b[39m\n                \u001b[36m<span>\u001b[39m\n                  \u001b[36m<strong>\u001b[39m\n                    \u001b[0mAgreeableness:\u001b[0m\n                  \u001b[36m</strong>\u001b[39m\n                  \u001b[0m Your cooperation and empathy\u001b[0m\n                \u001b[36m</span>\u001b[39m\n              \u001b[36m</li>\u001b[39m\n              \u001b[36m<li\u001b[39m\n                \u001b[33mclass\u001b[39m=\u001b[32m\"flex items-start\"\u001b[39m\n              \u001b[36m>\u001b[39m\n                \u001b[36m<span\u001b[39m\n                  \u001b[33mclass\u001b[39m=\u001b[32m\"text-blue-600 mr-2\"\u001b[39m\n                \u001b[36m>\u001b[39m\n                  \u001b[0m✓\u001b[0m\n                \u001b[36m</span>\u001b[39m\n                \u001b[36m<span>\u001b[39m\n                  \u001b[36m<strong>\u001b[39m\n                    \u001b[0mConscientiousness:\u001b[0m\n                  \u001b[36m</strong>\u001b[39m\n                  \u001b[0m Your organization and reliability\u001b[0m\n                \u001b[36m</span>\u001b[39m\n              \u001b[36m</li>\u001b[39m\n              \u001b[36m<li\u001b[39m\n                \u001b[33mclass\u001b[39m=\u001b[32m\"flex items-start\"\u001b[39m\n              \u001b[36m>\u001b[39m\n                \u001b[36m<span\u001b[39m\n                  \u001b[33mclass\u001b[39m=\u001b[32m\"text-blue-600 mr-2\"\u001b[39m\n                \u001b[36m>\u001b[39m\n                  \u001b[0m✓\u001b[0m\n                \u001b[36m</span>\u001b[39m\n                \u001b[36m<span>\u001b[39m\n                  \u001b[36m<strong>\u001b[39m\n                    \u001b[0mNeuroticism:\u001b[0m\n                  \u001b[36m</strong>\u001b[39m\n                  \u001b[0m Your emotional stability\u001b[0m\n                \u001b[36m</span>\u001b[39m\n              \u001b[36m</li>\u001b[39m\n              \u001b[36m<li\u001b[39m\n                \u001b[33mclass\u001b[39m=\u001b[32m\"flex items-start\"\u001b[39m\n              \u001b[36m>\u001b[39m\n                \u001b[36m<span\u001b[39m\n                  \u001b[33mclass\u001b[39m=\u001b[32m\"text-blue-600 mr-2\"\u001b[39m\n                \u001b[36m>\u001b[39m\n                  \u001b[0m✓\u001b[0m\n                \u001b[36m</span>\u001b[39m\n                \u001b[36m<span>\u001b[39m\n                  \u001b[36m<strong>\u001b[39m\n                    \u001b[0mOpenness:\u001b[0m\n                  \u001b[36m</strong>\u001b[39m\n                  \u001b[0m Your creativity and curiosity\u001b[0m\n                \u001b[36m</span>\u001b[39m\n              \u001b[36m</li>\u001b[39m\n            \u001b[36m</ul>\u001b[39m\n          \u001b[36m</div>\u001b[39m\n          \u001b[36m<div\u001b[39m\n            \u001b[33mclass\u001b[39m=\u001b[32m\"bg-blue-50 border border-blue-200 rounded-lg p-4 mb-6\"\u001b[39m\n          \u001b[36m>\u001b[39m\n            \u001b[36m<p\u001b[39m\n              \u001b[33mclass\u001b[39m=\u001b[32m\"text-sm text-blue-900\"\u001b[39m\n            \u001b[36m>\u001b[39m\n              \u001b[36m<strong>\u001b[39m\n                \u001b[0mTime required:\u001b[0m\n              \u001b[36m</strong>\u001b[39m\n              \u001b[0m 5-10 minutes • \u001b[0m\n              \u001b[36m<strong>\u001b[39m\n                \u001b[0mQuestions:\u001b[0m\n              \u001b[36m</strong>\u001b[39m\n              \u001b[0m 44 items\u001b[0m\n            \u001b[36m</p>\u001b[39m\n          \u001b[36m</div>\u001b[39m\n          \u001b[36m<button\u001b[39m\n            \u001b[33mclass\u001b[39m=\u001b[32m\"w-full px-6 py-3 bg-blue-600 text-white rounded-lg hover:bg-blue-700 font-medium text-lg\"\u001b[39m\n          \u001b[36m>\u001b[39m\n            \u001b[0mStart Questionnaire\u001b[0m\n          \u001b[36m</button>\u001b[39m\n        \u001b[36m</div>\u001b[39m\n      \u001b[36m</main>\u001b[39m\n    \u001b[36m</div>\u001b[39m\n  \u001b[36m</div>\u001b[39m\n\u001b[36m</body>\u001b[39m"
          ],
          "location": {
            "line": 163,
            "column": 27
          }
        },
        {
          "ancestorTitles": [
            "",
            "App auth flow integration"
          ],
          "fullName": " App auth flow integration restores session on refresh and stays on /teams",
          "status": "failed",
          "title": "restores session on refresh and stays on /teams",
          "duration": 1024,
          "failureMessages": [
            "Unable to find role=\"heading\" and name \"My Teams\"\n\nIgnored nodes: comments, script, style\n\u001b[36m<body>\u001b[39m\n  \u001b[36m<div>\u001b[39m\n    \u001b[36m<div\u001b[39m\n      \u001b[33mclass\u001b[39m=\u001b[32m\"min-h-screen bg-gray-50\"\u001b[39m\n    \u001b[36m>\u001b[39m\n      \u001b[36m<header\u001b[39m\n        \u001b[33mclass\u001b[39m=\u001b[32m\"bg-white shadow\"\u001b[39m\n      \u001b[36m>\u001b[39m\n        \u001b[36m<div\u001b[39m\n          \u001b[33mclass\u001b[39m=\u001b[32m\"max-w-7xl mx-auto px-4 sm:px-6 lg:px-8 py-4\"\u001b[39m\n        \u001b[36m>\u001b[39m\n          \u001b[36m<div\u001b[39m\n            \u001b[33mclass\u001b[39m=\u001b[32m\"flex justify-between items-center\"\u001b[39m\n          \u001b[36m>\u001b[39m\n            \u001b[36m<div\u001b[39m\n              \u001b[33mclass\u001b[39m=\u001b[32m\"flex items-center\"\u001b[39m\n            \u001b[36m>\u001b[39m\n              \u001b[36m<button\u001b[39m\n                \u001b[33mclass\u001b[39m=\u001b[32m\"text-xl font-semibold text-gray-900 hover:text-teal-600 transition-colors\"\u001b[39m\n                \u001b[33mtype\u001b[39m=\u001b[32m\"button\"\u001b[39m\n              \u001b[36m>\u001b[39m\n                \u001b[0mAAPR\u001b[0m\n              \u001b[36m</button>\u001b[39m\n            \u001b[36m</div>\u001b[39m\n            \u001b[36m<nav\u001b[39m\n              \u001b[33mclass\u001b[39m=\u001b[32m\"hidden md:flex items-center gap-6\"\u001b[39m\n            \u001b[36m>\u001b[39m\n              \u001b[36m<a\u001b[39m\n                \u001b[33mclass\u001b[39m=\u001b[32m\"text-sm font-medium transition-colors text-gray-700 hover:text-teal-600\"\u001b[39m\n                \u001b[33mdata-discover\u001b[39m=\u001b[32m\"true\"\u001b[39m\n                \u001b[33mhref\u001b[39m=\u001b[32m\"/practices\"\u001b[39m\n              \u001b[36m>\u001b[39m\n                \u001b[0mPractice Catalog\u001b[0m\n              \u001b[36m</a>\u001b[39m\n              \u001b[36m<div\u001b[39m\n                \u001b[33mclass\u001b[39m=\u001b[32m\"flex items-center gap-2 text-sm text-gray-700 ml-4 border-l pl-6 border-gray-200\"\u001b[39m\n              \u001b[36m>\u001b[39m\n                \u001b[36m<div\u001b[39m\n                  \u001b[33mclass\u001b[39m=\u001b[32m\"w-8 h-8 rounded-full bg-teal-100 flex items-center justify-center\"\u001b[39m\n                \u001b[36m>\u001b[39m\n                  \u001b[36m<span\u001b[39m\n                    \u001b[33mclass\u001b[39m=\u001b[32m\"text-teal-700 font-medium\"\u001b[39m\n                  \u001b[36m>\u001b[39m\n                    \u001b[0mT\u001b[0m\n                  \u001b[36m</span>\u001b[39m\n                \u001b[36m</div>\u001b[39m\n                \u001b[36m<span\u001b[39m\n                  \u001b[33mclass\u001b[39m=\u001b[32m\"hidden lg:inline\"\u001b[39m\n                \u001b[36m>\u001b[39m\n                  \u001b[0mTest User\u001b[0m\n                \u001b[36m</span>\u001b[39m\n              \u001b[36m</div>\u001b[39m\n              \u001b[36m<button\u001b[39m\n                \u001b[33mclass\u001b[39m=\u001b[32m\"text-sm font-medium text-indigo-600 hover:text-indigo-800 disabled:opacity-50 transition-colors\"\u001b[39m\n                \u001b[33mtype\u001b[39m=\u001b[32m\"button\"\u001b[39m\n              \u001b[36m>\u001b[39m\n                \u001b[0mLogout\u001b[0m\n              \u001b[36m</button>\u001b[39m\n            \u001b[36m</nav>\u001b[39m\n            \u001b[36m<div\u001b[39m\n              \u001b[33mclass\u001b[39m=\u001b[32m\"flex items-center md:hidden\"\u001b[39m\n            \u001b[36m>\u001b[39m\n              \u001b[36m<button\u001b[39m\n                \u001b[33maria-expanded\u001b[39m=\u001b[32m\"false\"\u001b[39m\n                \u001b[33mclass\u001b[39m=\u001b[32m\"inline-flex items-center justify-center p-2 rounded-md text-gray-700 hover:text-teal-600 hover:bg-gray-100 focus:outline-none focus:ring-2 focus:ring-inset focus:ring-teal-500\"\u001b[39m\n                \u001b[33mdata-testid\u001b[39m=\u001b[32m\"mobile-menu-button\"\u001b[39m\n                \u001b[33mtype\u001b[39m=\u001b[32m\"button\"\u001b[39m\n              \u001b[36m>\u001b[39m\n                \u001b[36m<span\u001b[39m\n                  \u001b[33mclass\u001b[39m=\u001b[32m\"sr-only\"\u001b[39m\n                \u001b[36m>\u001b[39m\n                  \u001b[0mOpen main menu\u001b[0m\n                \u001b[36m</span>\u001b[39m\n                \u001b[36m<svg\u001b[39m\n                  \u001b[33maria-hidden\u001b[39m=\u001b[32m\"true\"\u001b[39m\n                  \u001b[33mclass\u001b[39m=\u001b[32m\"block h-6 w-6\"\u001b[39m\n                  \u001b[33mfill\u001b[39m=\u001b[32m\"none\"\u001b[39m\n                  \u001b[33mstroke\u001b[39m=\u001b[32m\"currentColor\"\u001b[39m\n                  \u001b[33mviewBox\u001b[39m=\u001b[32m\"0 0 24 24\"\u001b[39m\n                  \u001b[33mxmlns\u001b[39m=\u001b[32m\"http://www.w3.org/2000/svg\"\u001b[39m\n                \u001b[36m>\u001b[39m\n                  \u001b[36m<path\u001b[39m\n                    \u001b[33md\u001b[39m=\u001b[32m\"M4 6h16M4 12h16M4 18h16\"\u001b[39m\n                    \u001b[33mstroke-linecap\u001b[39m=\u001b[32m\"round\"\u001b[39m\n                    \u001b[33mstroke-linejoin\u001b[39m=\u001b[32m\"round\"\u001b[39m\n                    \u001b[33mstroke-width\u001b[39m=\u001b[32m\"2\"\u001b[39m\n                  \u001b[36m/>\u001b[39m\n                \u001b[36m</svg>\u001b[39m\n              \u001b[36m</button>\u001b[39m\n            \u001b[36m</div>\u001b[39m\n          \u001b[36m</div>\u001b[39m\n        \u001b[36m</div>\u001b[39m\n      \u001b[36m</header>\u001b[39m\n      \u001b[36m<main>\u001b[39m\n        \u001b[36m<div\u001b[39m\n          \u001b[33mclass\u001b[39m=\u001b[32m\"max-w-2xl mx-auto p-6\"\u001b[39m\n        \u001b[36m>\u001b[39m\n          \u001b[36m<div\u001b[39m\n            \u001b[33mclass\u001b[39m=\u001b[32m\"text-center mb-8\"\u001b[39m\n          \u001b[36m>\u001b[39m\n            \u001b[36m<h1\u001b[39m\n              \u001b[33mclass\u001b[39m=\u001b[32m\"text-3xl font-bold text-gray-900 mb-4\"\u001b[39m\n            \u001b[36m>\u001b[39m\n              \u001b[0mBig Five Personality Assessment\u001b[0m\n            \u001b[36m</h1>\u001b[39m\n            \u001b[36m<p\u001b[39m\n              \u001b[33mclass\u001b[39m=\u001b[32m\"text-lg text-gray-600 mb-6\"\u001b[39m\n            \u001b[36m>\u001b[39m\n              \u001b[0mDiscover your personality profile to get personalized practice recommendations.\u001b[0m\n            \u001b[36m</p>\u001b[39m\n          \u001b[36m</div>\u001b[39m\n          \u001b[36m<div\u001b[39m\n            \u001b[33mclass\u001b[39m=\u001b[32m\"bg-white border border-gray-200 rounded-lg p-6 mb-6\"\u001b[39m\n          \u001b[36m>\u001b[39m\n            \u001b[36m<h2\u001b[39m\n              \u001b[33mclass\u001b[39m=\u001b[32m\"text-xl font-semibold text-gray-900 mb-4\"\u001b[39m\n            \u001b[36m>\u001b[39m\n              \u001b[0mWhat you'll learn:\u001b[0m\n            \u001b[36m</h2>\u001b[39m\n            \u001b[36m<ul\u001b[39m\n              \u001b[33mclass\u001b[39m=\u001b[32m\"space-y-3 text-gray-700\"\u001b[39m\n            \u001b[36m>\u001b[39m\n              \u001b[36m<li\u001b[39m\n                \u001b[33mclass\u001b[39m=\u001b[32m\"flex items-start\"\u001b[39m\n              \u001b[36m>\u001b[39m\n                \u001b[36m<span\u001b[39m\n                  \u001b[33mclass\u001b[39m=\u001b[32m\"text-blue-600 mr-2\"\u001b[39m\n                \u001b[36m>\u001b[39m\n                  \u001b[0m✓\u001b[0m\n                \u001b[36m</span>\u001b[39m\n                \u001b[36m<span>\u001b[39m\n                  \u001b[36m<strong>\u001b[39m\n                    \u001b[0mExtraversion:\u001b[0m\n                  \u001b[36m</strong>\u001b[39m\n                  \u001b[0m Your sociability and energy levels\u001b[0m\n                \u001b[36m</span>\u001b[39m\n              \u001b[36m</li>\u001b[39m\n              \u001b[36m<li\u001b[39m\n                \u001b[33mclass\u001b[39m=\u001b[32m\"flex items-start\"\u001b[39m\n              \u001b[36m>\u001b[39m\n                \u001b[36m<span\u001b[39m\n                  \u001b[33mclass\u001b[39m=\u001b[32m\"text-blue-600 mr-2\"\u001b[39m\n                \u001b[36m>\u001b[39m\n                  \u001b[0m✓\u001b[0m\n                \u001b[36m</span>\u001b[39m\n                \u001b[36m<span>\u001b[39m\n                  \u001b[36m<strong>\u001b[39m\n                    \u001b[0mAgreeableness:\u001b[0m\n                  \u001b[36m</strong>\u001b[39m\n                  \u001b[0m Your cooperation and empathy\u001b[0m\n                \u001b[36m</span>\u001b[39m\n              \u001b[36m</li>\u001b[39m\n              \u001b[36m<li\u001b[39m\n                \u001b[33mclass\u001b[39m=\u001b[32m\"flex items-start\"\u001b[39m\n              \u001b[36m>\u001b[39m\n                \u001b[36m<span\u001b[39m\n                  \u001b[33mclass\u001b[39m=\u001b[32m\"text-blue-600 mr-2\"\u001b[39m\n                \u001b[36m>\u001b[39m\n                  \u001b[0m✓\u001b[0m\n                \u001b[36m</span>\u001b[39m\n                \u001b[36m<span>\u001b[39m\n                  \u001b[36m<strong>\u001b[39m\n                    \u001b[0mConscientiousness:\u001b[0m\n                  \u001b[36m</strong>\u001b[39m\n                  \u001b[0m Your organization and reliability\u001b[0m\n                \u001b[36m</span>\u001b[39m\n              \u001b[36m</li>\u001b[39m\n              \u001b[36m<li\u001b[39m\n                \u001b[33mclass\u001b[39m=\u001b[32m\"flex items-start\"\u001b[39m\n              \u001b[36m>\u001b[39m\n                \u001b[36m<span\u001b[39m\n                  \u001b[33mclass\u001b[39m=\u001b[32m\"text-blue-600 mr-2\"\u001b[39m\n                \u001b[36m>\u001b[39m\n                  \u001b[0m✓\u001b[0m\n                \u001b[36m</span>\u001b[39m\n                \u001b[36m<span>\u001b[39m\n                  \u001b[36m<strong>\u001b[39m\n                    \u001b[0mNeuroticism:\u001b[0m\n                  \u001b[36m</strong>\u001b[39m\n                  \u001b[0m Your emotional stability\u001b[0m\n                \u001b[36m</span>\u001b[39m\n              \u001b[36m</li>\u001b[39m\n              \u001b[36m<li\u001b[39m\n                \u001b[33mclass\u001b[39m=\u001b[32m\"flex items-start\"\u001b[39m\n              \u001b[36m>\u001b[39m\n                \u001b[36m<span\u001b[39m\n                  \u001b[33mclass\u001b[39m=\u001b[32m\"text-blue-600 mr-2\"\u001b[39m\n                \u001b[36m>\u001b[39m\n                  \u001b[0m✓\u001b[0m\n                \u001b[36m</span>\u001b[39m\n                \u001b[36m<span>\u001b[39m\n                  \u001b[36m<strong>\u001b[39m\n                    \u001b[0mOpenness:\u001b[0m\n                  \u001b[36m</strong>\u001b[39m\n                  \u001b[0m Your creativity and curiosity\u001b[0m\n                \u001b[36m</span>\u001b[39m\n              \u001b[36m</li>\u001b[39m\n            \u001b[36m</ul>\u001b[39m\n          \u001b[36m</div>\u001b[39m\n          \u001b[36m<div\u001b[39m\n            \u001b[33mclass\u001b[39m=\u001b[32m\"bg-blue-50 border border-blue-200 rounded-lg p-4 mb-6\"\u001b[39m\n          \u001b[36m>\u001b[39m\n            \u001b[36m<p\u001b[39m\n              \u001b[33mclass\u001b[39m=\u001b[32m\"text-sm text-blue-900\"\u001b[39m\n            \u001b[36m>\u001b[39m\n              \u001b[36m<strong>\u001b[39m\n                \u001b[0mTime required:\u001b[0m\n              \u001b[36m</strong>\u001b[39m\n              \u001b[0m 5-10 minutes • \u001b[0m\n              \u001b[36m<strong>\u001b[39m\n                \u001b[0mQuestions:\u001b[0m\n              \u001b[36m</strong>\u001b[39m\n              \u001b[0m 44 items\u001b[0m\n            \u001b[36m</p>\u001b[39m\n          \u001b[36m</div>\u001b[39m\n          \u001b[36m<button\u001b[39m\n            \u001b[33mclass\u001b[39m=\u001b[32m\"w-full px-6 py-3 bg-blue-600 text-white rounded-lg hover:bg-blue-700 font-medium text-lg\"\u001b[39m\n          \u001b[36m>\u001b[39m\n            \u001b[0mStart Questionnaire\u001b[0m\n          \u001b[36m</button>\u001b[39m\n        \u001b[36m</div>\u001b[39m\n      \u001b[36m</main>\u001b[39m\n    \u001b[36m</div>\u001b[39m\n  \u001b[36m</div>\u001b[39m\n\u001b[36m</body>\u001b[39m\n\nIgnored nodes: comments, script, style\n\u001b[36m<html>\u001b[39m\n  \u001b[36m<head />\u001b[39m\n  \u001b[36m<body>\u001b[39m\n    \u001b[36m<div>\u001b[39m\n      \u001b[36m<div\u001b[39m\n        \u001b[33mclass\u001b[39m=\u001b[32m\"min-h-screen bg-gray-50\"\u001b[39m\n      \u001b[36m>\u001b[39m\n        \u001b[36m<header\u001b[39m\n          \u001b[33mclass\u001b[39m=\u001b[32m\"bg-white shadow\"\u001b[39m\n        \u001b[36m>\u001b[39m\n          \u001b[36m<div\u001b[39m\n            \u001b[33mclass\u001b[39m=\u001b[32m\"max-w-7xl mx-auto px-4 sm:px-6 lg:px-8 py-4\"\u001b[39m\n          \u001b[36m>\u001b[39m\n            \u001b[36m<div\u001b[39m\n              \u001b[33mclass\u001b[39m=\u001b[32m\"flex justify-between items-center\"\u001b[39m\n            \u001b[36m>\u001b[39m\n              \u001b[36m<div\u001b[39m\n                \u001b[33mclass\u001b[39m=\u001b[32m\"flex items-center\"\u001b[39m\n              \u001b[36m>\u001b[39m\n                \u001b[36m<button\u001b[39m\n                  \u001b[33mclass\u001b[39m=\u001b[32m\"text-xl font-semibold text-gray-900 hover:text-teal-600 transition-colors\"\u001b[39m\n                  \u001b[33mtype\u001b[39m=\u001b[32m\"button\"\u001b[39m\n                \u001b[36m>\u001b[39m\n                  \u001b[0mAAPR\u001b[0m\n                \u001b[36m</button>\u001b[39m\n              \u001b[36m</div>\u001b[39m\n              \u001b[36m<nav\u001b[39m\n                \u001b[33mclass\u001b[39m=\u001b[32m\"hidden md:flex items-center gap-6\"\u001b[39m\n              \u001b[36m>\u001b[39m\n                \u001b[36m<a\u001b[39m\n                  \u001b[33mclass\u001b[39m=\u001b[32m\"text-sm font-medium transition-colors text-gray-700 hover:text-teal-600\"\u001b[39m\n                  \u001b[33mdata-discover\u001b[39m=\u001b[32m\"true\"\u001b[39m\n                  \u001b[33mhref\u001b[39m=\u001b[32m\"/practices\"\u001b[39m\n                \u001b[36m>\u001b[39m\n                  \u001b[0mPractice Catalog\u001b[0m\n                \u001b[36m</a>\u001b[39m\n                \u001b[36m<div\u001b[39m\n                  \u001b[33mclass\u001b[39m=\u001b[32m\"flex items-center gap-2 text-sm text-gray-700 ml-4 border-l pl-6 border-gray-200\"\u001b[39m\n                \u001b[36m>\u001b[39m\n                  \u001b[36m<div\u001b[39m\n                    \u001b[33mclass\u001b[39m=\u001b[32m\"w-8 h-8 rounded-full bg-teal-100 flex items-center justify-center\"\u001b[39m\n                  \u001b[36m>\u001b[39m\n                    \u001b[36m<span\u001b[39m\n                      \u001b[33mclass\u001b[39m=\u001b[32m\"text-teal-700 font-medium\"\u001b[39m\n                    \u001b[36m>\u001b[39m\n                      \u001b[0mT\u001b[0m\n                    \u001b[36m</span>\u001b[39m\n                  \u001b[36m</div>\u001b[39m\n                  \u001b[36m<span\u001b[39m\n                    \u001b[33mclass\u001b[39m=\u001b[32m\"hidden lg:inline\"\u001b[39m\n                  \u001b[36m>\u001b[39m\n                    \u001b[0mTest User\u001b[0m\n                  \u001b[36m</span>\u001b[39m\n                \u001b[36m</div>\u001b[39m\n                \u001b[36m<button\u001b[39m\n                  \u001b[33mclass\u001b[39m=\u001b[32m\"text-sm font-medium text-indigo-600 hover:text-indigo-800 disabled:opacity-50 transition-colors\"\u001b[39m\n                  \u001b[33mtype\u001b[39m=\u001b[32m\"button\"\u001b[39m\n                \u001b[36m>\u001b[39m\n                  \u001b[0mLogout\u001b[0m\n                \u001b[36m</button>\u001b[39m\n              \u001b[36m</nav>\u001b[39m\n              \u001b[36m<div\u001b[39m\n                \u001b[33mclass\u001b[39m=\u001b[32m\"flex items-center md:hidden\"\u001b[39m\n              \u001b[36m>\u001b[39m\n                \u001b[36m<button\u001b[39m\n                  \u001b[33maria-expanded\u001b[39m=\u001b[32m\"false\"\u001b[39m\n                  \u001b[33mclass\u001b[39m=\u001b[32m\"inline-flex items-center justify-center p-2 rounded-md text-gray-700 hover:text-teal-600 hover:bg-gray-100 focus:outline-none focus:ring-2 focus:ring-inset focus:ring-teal-500\"\u001b[39m\n                  \u001b[33mdata-testid\u001b[39m=\u001b[32m\"mobile-menu-button\"\u001b[39m\n                  \u001b[33mtype\u001b[39m=\u001b[32m\"button\"\u001b[39m\n                \u001b[36m>\u001b[39m\n                  \u001b[36m<span\u001b[39m\n                    \u001b[33mclass\u001b[39m=\u001b[32m\"sr-only\"\u001b[39m\n                  \u001b[36m>\u001b[39m\n                    \u001b[0mOpen main menu\u001b[0m\n                  \u001b[36m</span>\u001b[39m\n                  \u001b[36m<svg\u001b[39m\n                    \u001b[33maria-hidden\u001b[39m=\u001b[32m\"true\"\u001b[39m\n                    \u001b[33mclass\u001b[39m=\u001b[32m\"block h-6 w-6\"\u001b[39m\n                    \u001b[33mfill\u001b[39m=\u001b[32m\"none\"\u001b[39m\n                    \u001b[33mstroke\u001b[39m=\u001b[32m\"currentColor\"\u001b[39m\n                    \u001b[33mviewBox\u001b[39m=\u001b[32m\"0 0 24 24\"\u001b[39m\n                    \u001b[33mxmlns\u001b[39m=\u001b[32m\"http://www.w3.org/2000/svg\"\u001b[39m\n                  \u001b[36m>\u001b[39m\n                    \u001b[36m<path\u001b[39m\n                      \u001b[33md\u001b[39m=\u001b[32m\"M4 6h16M4 12h16M4 18h16\"\u001b[39m\n                      \u001b[33mstroke-linecap\u001b[39m=\u001b[32m\"round\"\u001b[39m\n                      \u001b[33mstroke-linejoin\u001b[39m=\u001b[32m\"round\"\u001b[39m\n                      \u001b[33mstroke-width\u001b[39m=\u001b[32m\"2\"\u001b[39m\n                    \u001b[36m/>\u001b[39m\n                  \u001b[36m</svg>\u001b[39m\n                \u001b[36m</button>\u001b[39m\n              \u001b[36m</div>\u001b[39m\n            \u001b[36m</div>\u001b[39m\n          \u001b[36m</div>\u001b[39m\n        \u001b[36m</header>\u001b[39m\n        \u001b[36m<main>\u001b[39m\n          \u001b[36m<div\u001b[39m\n            \u001b[33mclass\u001b[39m=\u001b[32m\"max-w-2xl mx-auto p-6\"\u001b[39m\n          \u001b[36m>\u001b[39m\n            \u001b[36m<div\u001b[39m\n              \u001b[33mclass\u001b[39m=\u001b[32m\"text-center mb-8\"\u001b[39m\n            \u001b[36m>\u001b[39m\n              \u001b[36m<h1\u001b[39m\n                \u001b[33mclass\u001b[39m=\u001b[32m\"text-3xl font-bold text-gray-900 mb-4\"\u001b[39m\n              \u001b[36m>\u001b[39m\n                \u001b[0mBig Five Personality Assessment\u001b[0m\n              \u001b[36m</h1>\u001b[39m\n              \u001b[36m<p\u001b[39m\n                \u001b[33mclass\u001b[39m=\u001b[32m\"text-lg text-gray-600 mb-6\"\u001b[39m\n              \u001b[36m>\u001b[39m\n                \u001b[0mDiscover your personality profile to get personalized practice recommendations.\u001b[0m\n              \u001b[36m</p>\u001b[39m\n            \u001b[36m</div>\u001b[39m\n            \u001b[36m<div\u001b[39m\n              \u001b[33mclass\u001b[39m=\u001b[32m\"bg-white border border-gray-200 rounded-lg p-6 mb-6\"\u001b[39m\n            \u001b[36m>\u001b[39m\n              \u001b[36m<h2\u001b[39m\n                \u001b[33mclass\u001b[39m=\u001b[32m\"text-xl font-semibold text-gray-900 mb-4\"\u001b[39m\n              \u001b[36m>\u001b[39m\n                \u001b[0mWhat you'll learn:\u001b[0m\n              \u001b[36m</h2>\u001b[39m\n              \u001b[36m<ul\u001b[39m\n                \u001b[33mclass\u001b[39m=\u001b[32m\"space-y-3 text-gray-700\"\u001b[39m\n              \u001b[36m>\u001b[39m\n                \u001b[36m<li\u001b[39m\n                  \u001b[33mclass\u001b[39m=\u001b[32m\"flex items-start\"\u001b[39m\n                \u001b[36m>\u001b[39m\n                  \u001b[36m<span\u001b[39m\n                    \u001b[33mclass\u001b[39m=\u001b[32m\"text-blue-600 mr-2\"\u001b[39m\n                  \u001b[36m>\u001b[39m\n                    \u001b[0m✓\u001b[0m\n                  \u001b[36m</span>\u001b[39m\n                  \u001b[36m<span>\u001b[39m\n                    \u001b[36m<strong>\u001b[39m\n                      \u001b[0mExtraversion:\u001b[0m\n                    \u001b[36m</strong>\u001b[39m\n                    \u001b[0m Your sociability and energy levels\u001b[0m\n                  \u001b[36m</span>\u001b[39m\n                \u001b[36m</li>\u001b[39m\n                \u001b[36m<li\u001b[39m\n                  \u001b[33mclass\u001b[39m=\u001b[32m\"flex items-start\"\u001b[39m\n                \u001b[36m>\u001b[39m\n                  \u001b[36m<span\u001b[39m\n                    \u001b[33mclass\u001b[39m=\u001b[32m\"text-blue-600 mr-2\"\u001b[39m\n                  \u001b[36m>\u001b[39m\n                    \u001b[0m✓\u001b[0m\n                  \u001b[36m</span>\u001b[39m\n                  \u001b[36m<span>\u001b[39m\n                    \u001b[36m<strong>\u001b[39m\n                      \u001b[0mAgreeableness:\u001b[0m\n                    \u001b[36m</strong>\u001b[39m\n                    \u001b[0m Your cooperation and empathy\u001b[0m\n                  \u001b[36m</span>\u001b[39m\n                \u001b[36m</li>\u001b[39m\n                \u001b[36m<li\u001b[39m\n                  \u001b[33mclass\u001b[39m=\u001b[32m\"flex items-start\"\u001b[39m\n                \u001b[36m>\u001b[39m\n                  \u001b[36m<span\u001b[39m\n                    \u001b[33mclass\u001b[39m=\u001b[32m\"text-blue-600 mr-2\"\u001b[39m\n                  \u001b[36m>\u001b[39m\n                    \u001b[0m✓\u001b[0m\n                  \u001b[36m</span>\u001b[39m\n                  \u001b[36m<span>\u001b[39m\n                    \u001b[36m<strong>\u001b[39m\n                      \u001b[0mConscientiousness:\u001b[0m\n                    \u001b[36m</strong>\u001b[39m\n                    \u001b[0m Your organization and reliability\u001b[0m\n                  \u001b[36m</span>\u001b[39m\n                \u001b[36m</li>\u001b[39m\n                \u001b[36m<li\u001b[39m\n                  \u001b[33mclass\u001b[39m=\u001b[32m\"flex items-start\"\u001b[39m\n                \u001b[36m>\u001b[39m\n                  \u001b[36m<span\u001b[39m\n                    \u001b[33mclass\u001b[39m=\u001b[32m\"text-blue-600 mr-2\"\u001b[39m\n                  \u001b[36m>\u001b[39m\n                    \u001b[0m✓\u001b[0m\n                  \u001b[36m</span>\u001b[39m\n                  \u001b[36m<span>\u001b[39m\n                    \u001b[36m<strong>\u001b[39m\n                      \u001b[0mNeuroticism:\u001b[0m\n                    \u001b[36m</strong>\u001b[39m\n                    \u001b[0m Your emotional stability\u001b[0m\n                  \u001b[36m</span>\u001b[39m\n                \u001b[36m</li>\u001b[39m\n                \u001b[36m<li\u001b[39m\n                  \u001b[33mclass\u001b[39m=\u001b[32m\"flex items-start\"\u001b[39m\n                \u001b[36m>\u001b[39m\n                  \u001b[36m<span\u001b[39m\n                    \u001b[33mclass\u001b[39m=\u001b[32m\"text-blue-600 mr-2\"\u001b[39m\n                  \u001b[36m>\u001b[39m\n                    \u001b[0m✓\u001b[0m\n                  \u001b[36m</span>\u001b[39m\n                  \u001b[36m<span>\u001b[39m\n                    \u001b[36m<strong>\u001b[39m\n                      \u001b[0mOpenness:\u001b[0m\n                    \u001b[36m</strong>\u001b[39m\n                    \u001b[0m Your creativity and curiosity\u001b[0m\n                  \u001b[36m</span>\u001b[39m\n                \u001b[36m</li>\u001b[39m\n              \u001b[36m</ul>\u001b[39m\n            \u001b[36m</div>\u001b[39m\n            \u001b[36m<div\u001b[39m\n              \u001b[33mclass\u001b[39m=\u001b[32m\"bg-blue-50 border border-blue-200 rounded-lg p-4 mb-6\"\u001b[39m\n            \u001b[36m>\u001b[39m\n              \u001b[36m<p\u001b[39m\n                \u001b[33mclass\u001b[39m=\u001b[32m\"text-sm text-blue-900\"\u001b[39m\n              \u001b[36m>\u001b[39m\n                \u001b[36m<strong>\u001b[39m\n                  \u001b[0mTime required:\u001b[0m\n                \u001b[36m</strong>\u001b[39m\n                \u001b[0m 5-10 minutes • \u001b[0m\n                \u001b[36m<strong>\u001b[39m\n                  \u001b[0mQuestions:\u001b[0m\n                \u001b[36m</strong>\u001b[39m\n                \u001b[0m 44 items\u001b[0m\n              \u001b[36m</p>\u001b[39m\n            \u001b[36m</div>\u001b[39m\n            \u001b[36m<button\u001b[39m\n              \u001b[33mclass\u001b[39m=\u001b[32m\"w-full px-6 py-3 bg-blue-600 text-white rounded-lg hover:bg-blue-700 font-medium text-lg\"\u001b[39m\n            \u001b[36m>\u001b[39m\n              \u001b[0mStart Questionnaire\u001b[0m\n            \u001b[36m</button>\u001b[39m\n          \u001b[36m</div>\u001b[39m\n        \u001b[36m</main>\u001b[39m\n      \u001b[36m</div>\u001b[39m\n    \u001b[36m</div>\u001b[39m\n  \u001b[36m</body>\u001b[39m\n\u001b[36m</html>\u001b[39m"
          ],
          "location": {
            "line": 163,
            "column": 27
          }
        },
        {
          "ancestorTitles": [
            "",
            "App auth flow integration"
          ],
          "fullName": " App auth flow integration logout redirects to /login",
          "status": "passed",
          "title": "logout redirects to /login",
          "duration": 144,
          "failureMessages": []
        }
      ],
      "startTime": 1773314579787,
      "endTime": 1773314583106,
      "status": "failed",
      "message": "",
      "name": "C:/Users/nmatton/OneDrive - Université de Namur/PhD_Nicolas_Matton/AgilePractices/APR_proto/bmad_version/client/src/App.test.tsx"
    },
    {
      "assertionResults": [
        {
          "ancestorTitles": [
            "",
            "AuthenticatedLayout"
          ],
          "fullName": " AuthenticatedLayout renders AAPR logo/branding",
          "status": "passed",
          "title": "renders AAPR logo/branding",
          "duration": 80,
          "failureMessages": []
        },
        {
          "ancestorTitles": [
            "",
            "AuthenticatedLayout"
          ],
          "fullName": " AuthenticatedLayout renders Practice Catalog link",
          "status": "passed",
          "title": "renders Practice Catalog link",
          "duration": 15,
          "failureMessages": []
        },
        {
          "ancestorTitles": [
            "",
            "AuthenticatedLayout"
          ],
          "fullName": " AuthenticatedLayout renders user avatar with first letter of name",
          "status": "passed",
          "title": "renders user avatar with first letter of name",
          "duration": 13,
          "failureMessages": []
        },
        {
          "ancestorTitles": [
            "",
            "AuthenticatedLayout"
          ],
          "fullName": " AuthenticatedLayout renders Logout button",
          "status": "passed",
          "title": "renders Logout button",
          "duration": 12,
          "failureMessages": []
        },
        {
          "ancestorTitles": [
            "",
            "AuthenticatedLayout"
          ],
          "fullName": " AuthenticatedLayout calls logout and navigates to login when Logout is clicked",
          "status": "passed",
          "title": "calls logout and navigates to login when Logout is clicked",
          "duration": 18,
          "failureMessages": []
        },
        {
          "ancestorTitles": [
            "",
            "AuthenticatedLayout"
          ],
          "fullName": " AuthenticatedLayout navigates to /teams when AAPR logo is clicked",
          "status": "passed",
          "title": "navigates to /teams when AAPR logo is clicked",
          "duration": 11,
          "failureMessages": []
        },
        {
          "ancestorTitles": [
            "",
            "AuthenticatedLayout"
          ],
          "fullName": " AuthenticatedLayout does NOT render Team Dashboard link when not in team context",
          "status": "passed",
          "title": "does NOT render Team Dashboard link when not in team context",
          "duration": 8,
          "failureMessages": []
        },
        {
          "ancestorTitles": [
            "",
            "AuthenticatedLayout"
          ],
          "fullName": " AuthenticatedLayout does NOT render Members link when not in team context",
          "status": "passed",
          "title": "does NOT render Members link when not in team context",
          "duration": 9,
          "failureMessages": []
        },
        {
          "ancestorTitles": [
            "",
            "AuthenticatedLayout"
          ],
          "fullName": " AuthenticatedLayout renders Team Dashboard and Members links when in team context",
          "status": "failed",
          "title": "renders Team Dashboard and Members links when in team context",
          "duration": 29,
          "failureMessages": [
            "Unable to find an element with the text: Team Dashboard. This could be because the text is broken up by multiple elements. In this case, you can provide a function for your text matcher to make your matcher more flexible.\n\nIgnored nodes: comments, script, style\n\u001b[36m<body>\u001b[39m\n  \u001b[36m<div>\u001b[39m\n    \u001b[36m<div\u001b[39m\n      \u001b[33mclass\u001b[39m=\u001b[32m\"min-h-screen bg-gray-50\"\u001b[39m\n    \u001b[36m>\u001b[39m\n      \u001b[36m<header\u001b[39m\n        \u001b[33mclass\u001b[39m=\u001b[32m\"bg-white shadow\"\u001b[39m\n      \u001b[36m>\u001b[39m\n        \u001b[36m<div\u001b[39m\n          \u001b[33mclass\u001b[39m=\u001b[32m\"max-w-7xl mx-auto px-4 sm:px-6 lg:px-8 py-4\"\u001b[39m\n        \u001b[36m>\u001b[39m\n          \u001b[36m<div\u001b[39m\n            \u001b[33mclass\u001b[39m=\u001b[32m\"flex justify-between items-center\"\u001b[39m\n          \u001b[36m>\u001b[39m\n            \u001b[36m<div\u001b[39m\n              \u001b[33mclass\u001b[39m=\u001b[32m\"flex items-center\"\u001b[39m\n            \u001b[36m>\u001b[39m\n              \u001b[36m<button\u001b[39m\n                \u001b[33mclass\u001b[39m=\u001b[32m\"text-xl font-semibold text-gray-900 hover:text-teal-600 transition-colors\"\u001b[39m\n                \u001b[33mtype\u001b[39m=\u001b[32m\"button\"\u001b[39m\n              \u001b[36m>\u001b[39m\n                \u001b[0mAAPR\u001b[0m\n              \u001b[36m</button>\u001b[39m\n            \u001b[36m</div>\u001b[39m\n            \u001b[36m<nav\u001b[39m\n              \u001b[33mclass\u001b[39m=\u001b[32m\"hidden md:flex items-center gap-6\"\u001b[39m\n            \u001b[36m>\u001b[39m\n              \u001b[36m<a\u001b[39m\n                \u001b[33mclass\u001b[39m=\u001b[32m\"text-sm font-medium transition-colors text-gray-700 hover:text-teal-600\"\u001b[39m\n                \u001b[33mdata-discover\u001b[39m=\u001b[32m\"true\"\u001b[39m\n                \u001b[33mhref\u001b[39m=\u001b[32m\"/practices\"\u001b[39m\n              \u001b[36m>\u001b[39m\n                \u001b[0mPractice Catalog\u001b[0m\n              \u001b[36m</a>\u001b[39m\n              \u001b[36m<div\u001b[39m\n                \u001b[33mclass\u001b[39m=\u001b[32m\"flex items-center gap-2 text-sm text-gray-700 ml-4 border-l pl-6 border-gray-200\"\u001b[39m\n              \u001b[36m>\u001b[39m\n                \u001b[36m<div\u001b[39m\n                  \u001b[33mclass\u001b[39m=\u001b[32m\"w-8 h-8 rounded-full bg-teal-100 flex items-center justify-center\"\u001b[39m\n                \u001b[36m>\u001b[39m\n                  \u001b[36m<span\u001b[39m\n                    \u001b[33mclass\u001b[39m=\u001b[32m\"text-teal-700 font-medium\"\u001b[39m\n                  \u001b[36m>\u001b[39m\n                    \u001b[0mT\u001b[0m\n                  \u001b[36m</span>\u001b[39m\n                \u001b[36m</div>\u001b[39m\n                \u001b[36m<span\u001b[39m\n                  \u001b[33mclass\u001b[39m=\u001b[32m\"hidden lg:inline\"\u001b[39m\n                \u001b[36m>\u001b[39m\n                  \u001b[0mTest User\u001b[0m\n                \u001b[36m</span>\u001b[39m\n              \u001b[36m</div>\u001b[39m\n              \u001b[36m<button\u001b[39m\n                \u001b[33mclass\u001b[39m=\u001b[32m\"text-sm font-medium text-indigo-600 hover:text-indigo-800 disabled:opacity-50 transition-colors\"\u001b[39m\n                \u001b[33mtype\u001b[39m=\u001b[32m\"button\"\u001b[39m\n              \u001b[36m>\u001b[39m\n                \u001b[0mLogout\u001b[0m\n              \u001b[36m</button>\u001b[39m\n            \u001b[36m</nav>\u001b[39m\n            \u001b[36m<div\u001b[39m\n              \u001b[33mclass\u001b[39m=\u001b[32m\"flex items-center md:hidden\"\u001b[39m\n            \u001b[36m>\u001b[39m\n              \u001b[36m<button\u001b[39m\n                \u001b[33maria-expanded\u001b[39m=\u001b[32m\"false\"\u001b[39m\n                \u001b[33mclass\u001b[39m=\u001b[32m\"inline-flex items-center justify-center p-2 rounded-md text-gray-700 hover:text-teal-600 hover:bg-gray-100 focus:outline-none focus:ring-2 focus:ring-inset focus:ring-teal-500\"\u001b[39m\n                \u001b[33mdata-testid\u001b[39m=\u001b[32m\"mobile-menu-button\"\u001b[39m\n                \u001b[33mtype\u001b[39m=\u001b[32m\"button\"\u001b[39m\n              \u001b[36m>\u001b[39m\n                \u001b[36m<span\u001b[39m\n                  \u001b[33mclass\u001b[39m=\u001b[32m\"sr-only\"\u001b[39m\n                \u001b[36m>\u001b[39m\n                  \u001b[0mOpen main menu\u001b[0m\n                \u001b[36m</span>\u001b[39m\n                \u001b[36m<svg\u001b[39m\n                  \u001b[33maria-hidden\u001b[39m=\u001b[32m\"true\"\u001b[39m\n                  \u001b[33mclass\u001b[39m=\u001b[32m\"block h-6 w-6\"\u001b[39m\n                  \u001b[33mfill\u001b[39m=\u001b[32m\"none\"\u001b[39m\n                  \u001b[33mstroke\u001b[39m=\u001b[32m\"currentColor\"\u001b[39m\n                  \u001b[33mviewBox\u001b[39m=\u001b[32m\"0 0 24 24\"\u001b[39m\n                  \u001b[33mxmlns\u001b[39m=\u001b[32m\"http://www.w3.org/2000/svg\"\u001b[39m\n                \u001b[36m>\u001b[39m\n                  \u001b[36m<path\u001b[39m\n                    \u001b[33md\u001b[39m=\u001b[32m\"M4 6h16M4 12h16M4 18h16\"\u001b[39m\n                    \u001b[33mstroke-linecap\u001b[39m=\u001b[32m\"round\"\u001b[39m\n                    \u001b[33mstroke-linejoin\u001b[39m=\u001b[32m\"round\"\u001b[39m\n                    \u001b[33mstroke-width\u001b[39m=\u001b[32m\"2\"\u001b[39m\n                  \u001b[36m/>\u001b[39m\n                \u001b[36m</svg>\u001b[39m\n              \u001b[36m</button>\u001b[39m\n            \u001b[36m</div>\u001b[39m\n          \u001b[36m</div>\u001b[39m\n        \u001b[36m</div>\u001b[39m\n      \u001b[36m</header>\u001b[39m\n      \u001b[36m<main>\u001b[39m\n        \u001b[36m<div>\u001b[39m\n          \u001b[0mContent\u001b[0m\n        \u001b[36m</div>\u001b[39m\n      \u001b[36m</main>\u001b[39m\n    \u001b[36m</div>\u001b[39m\n  \u001b[36m</div>\u001b[39m\n\u001b[36m</body>\u001b[39m"
          ],
          "location": {
            "line": 37,
            "column": 19
          }
        },
        {
          "ancestorTitles": [
            "",
            "AuthenticatedLayout"
          ],
          "fullName": " AuthenticatedLayout renders children content",
          "status": "passed",
          "title": "renders children content",
          "duration": 15,
          "failureMessages": []
        },
        {
          "ancestorTitles": [
            "",
            "AuthenticatedLayout"
          ],
          "fullName": " AuthenticatedLayout disables Logout button when loading",
          "status": "passed",
          "title": "disables Logout button when loading",
          "duration": 21,
          "failureMessages": []
        },
        {
          "ancestorTitles": [
            "",
            "AuthenticatedLayout"
          ],
          "fullName": " AuthenticatedLayout toggles mobile menu when hamburger button is clicked",
          "status": "skipped",
          "title": "toggles mobile menu when hamburger button is clicked",
          "failureMessages": []
        },
        {
          "ancestorTitles": [
            "",
            "AuthenticatedLayout"
          ],
          "fullName": " AuthenticatedLayout closes mobile menu when navigation link is clicked",
          "status": "skipped",
          "title": "closes mobile menu when navigation link is clicked",
          "failureMessages": []
        }
      ],
      "startTime": 1773314566932,
      "endTime": 1773314567164,
      "status": "failed",
      "message": "",
      "name": "C:/Users/nmatton/OneDrive - Université de Namur/PhD_Nicolas_Matton/AgilePractices/APR_proto/bmad_version/client/src/components/ui/AuthenticatedLayout.test.tsx"
    },
    {
      "assertionResults": [
        {
          "ancestorTitles": [
            "",
            "SidebarPanel"
          ],
          "fullName": " SidebarPanel does not render content when isOpen is false",
          "status": "passed",
          "title": "does not render content when isOpen is false",
          "duration": 69,
          "failureMessages": []
        },
        {
          "ancestorTitles": [
            "",
            "SidebarPanel"
          ],
          "fullName": " SidebarPanel renders content when isOpen is true",
          "status": "passed",
          "title": "renders content when isOpen is true",
          "duration": 62,
          "failureMessages": []
        },
        {
          "ancestorTitles": [
            "",
            "SidebarPanel"
          ],
          "fullName": " SidebarPanel calls onClose when close button is clicked",
          "status": "passed",
          "title": "calls onClose when close button is clicked",
          "duration": 173,
          "failureMessages": []
        },
        {
          "ancestorTitles": [
            "",
            "SidebarPanel"
          ],
          "fullName": " SidebarPanel calls onClose when overlay is clicked",
          "status": "passed",
          "title": "calls onClose when overlay is clicked",
          "duration": 12,
          "failureMessages": []
        },
        {
          "ancestorTitles": [
            "",
            "SidebarPanel"
          ],
          "fullName": " SidebarPanel renders with fixed positioning classes",
          "status": "passed",
          "title": "renders with fixed positioning classes",
          "duration": 20,
          "failureMessages": []
        }
      ],
      "startTime": 1773314585404,
      "endTime": 1773314585740,
      "status": "passed",
      "message": "",
      "name": "C:/Users/nmatton/OneDrive - Université de Namur/PhD_Nicolas_Matton/AgilePractices/APR_proto/bmad_version/client/src/components/ui/SidebarPanel.test.tsx"
    },
    {
      "assertionResults": [
        {
          "ancestorTitles": [
            "",
            "CategorizedTagSelector"
          ],
          "fullName": " CategorizedTagSelector renders all category headings and toggles tag selection",
          "status": "passed",
          "title": "renders all category headings and toggles tag selection",
          "duration": 528,
          "failureMessages": []
        },
        {
          "ancestorTitles": [
            "",
            "CategorizedTagSelector"
          ],
          "fullName": " CategorizedTagSelector honors disabled state",
          "status": "passed",
          "title": "honors disabled state",
          "duration": 236,
          "failureMessages": []
        },
        {
          "ancestorTitles": [
            "",
            "CategorizedTagSelector"
          ],
          "fullName": " CategorizedTagSelector shows tag descriptions only when showDescriptions is enabled",
          "status": "passed",
          "title": "shows tag descriptions only when showDescriptions is enabled",
          "duration": 48,
          "failureMessages": []
        }
      ],
      "startTime": 1773314575496,
      "endTime": 1773314576308,
      "status": "passed",
      "message": "",
      "name": "C:/Users/nmatton/OneDrive - Université de Namur/PhD_Nicolas_Matton/AgilePractices/APR_proto/bmad_version/client/src/shared/components/CategorizedTagSelector.test.tsx"
    },
    {
      "assertionResults": [
        {
          "ancestorTitles": [
            "",
            "ProfileRadarChart"
          ],
          "fullName": " ProfileRadarChart renders the radar chart components",
          "status": "passed",
          "title": "renders the radar chart components",
          "duration": 77,
          "failureMessages": []
        },
        {
          "ancestorTitles": [
            "",
            "ProfileRadarChart"
          ],
          "fullName": " ProfileRadarChart renders without crashing with zero scores",
          "status": "passed",
          "title": "renders without crashing with zero scores",
          "duration": 13,
          "failureMessages": []
        }
      ],
      "startTime": 1773314585429,
      "endTime": 1773314585519,
      "status": "passed",
      "message": "",
      "name": "C:/Users/nmatton/OneDrive - Université de Namur/PhD_Nicolas_Matton/AgilePractices/APR_proto/bmad_version/client/src/features/big-five/components/ProfileRadarChart.test.tsx"
    },
    {
      "assertionResults": [
        {
          "ancestorTitles": [
            "",
            "ProfileView"
          ],
          "fullName": " ProfileView triggers onRetake when retake button is clicked",
          "status": "passed",
          "title": "triggers onRetake when retake button is clicked",
          "duration": 155,
          "failureMessages": []
        }
      ],
      "startTime": 1773314588142,
      "endTime": 1773314588297,
      "status": "passed",
      "message": "",
      "name": "C:/Users/nmatton/OneDrive - Université de Namur/PhD_Nicolas_Matton/AgilePractices/APR_proto/bmad_version/client/src/features/big-five/components/ProfileView.test.tsx"
    },
    {
      "assertionResults": [
        {
          "ancestorTitles": [
            "",
            "TraitScoreCard"
          ],
          "fullName": " TraitScoreCard renders trait label and score correctly",
          "status": "passed",
          "title": "renders trait label and score correctly",
          "duration": 98,
          "failureMessages": []
        },
        {
          "ancestorTitles": [
            "",
            "TraitScoreCard"
          ],
          "fullName": " TraitScoreCard displays high score interpretation correctly",
          "status": "passed",
          "title": "displays high score interpretation correctly",
          "duration": 22,
          "failureMessages": []
        },
        {
          "ancestorTitles": [
            "",
            "TraitScoreCard"
          ],
          "fullName": " TraitScoreCard displays low score interpretation correctly",
          "status": "passed",
          "title": "displays low score interpretation correctly",
          "duration": 29,
          "failureMessages": []
        },
        {
          "ancestorTitles": [
            "",
            "TraitScoreCard"
          ],
          "fullName": " TraitScoreCard displays neutral score interpretation correctly",
          "status": "passed",
          "title": "displays neutral score interpretation correctly",
          "duration": 17,
          "failureMessages": []
        }
      ],
      "startTime": 1773314585730,
      "endTime": 1773314585896,
      "status": "passed",
      "message": "",
      "name": "C:/Users/nmatton/OneDrive - Université de Namur/PhD_Nicolas_Matton/AgilePractices/APR_proto/bmad_version/client/src/features/big-five/components/TraitScoreCard.test.tsx"
    },
    {
      "assertionResults": [
        {
          "ancestorTitles": [
            "",
            "Big Five Interpretation Utils",
            "getScoreLevel"
          ],
          "fullName": " Big Five Interpretation Utils getScoreLevel returns \"low\" for scores < 45",
          "status": "passed",
          "title": "returns \"low\" for scores < 45",
          "duration": 9,
          "failureMessages": []
        },
        {
          "ancestorTitles": [
            "",
            "Big Five Interpretation Utils",
            "getScoreLevel"
          ],
          "fullName": " Big Five Interpretation Utils getScoreLevel returns \"neutral\" for scores 45-55",
          "status": "passed",
          "title": "returns \"neutral\" for scores 45-55",
          "duration": 2,
          "failureMessages": []
        },
        {
          "ancestorTitles": [
            "",
            "Big Five Interpretation Utils",
            "getScoreLevel"
          ],
          "fullName": " Big Five Interpretation Utils getScoreLevel returns \"high\" for scores > 55",
          "status": "passed",
          "title": "returns \"high\" for scores > 55",
          "duration": 0,
          "failureMessages": []
        },
        {
          "ancestorTitles": [
            "",
            "Big Five Interpretation Utils",
            "getTraitLabel"
          ],
          "fullName": " Big Five Interpretation Utils getTraitLabel returns low label for low score",
          "status": "passed",
          "title": "returns low label for low score",
          "duration": 1,
          "failureMessages": []
        },
        {
          "ancestorTitles": [
            "",
            "Big Five Interpretation Utils",
            "getTraitLabel"
          ],
          "fullName": " Big Five Interpretation Utils getTraitLabel returns high label for high score",
          "status": "passed",
          "title": "returns high label for high score",
          "duration": 1,
          "failureMessages": []
        },
        {
          "ancestorTitles": [
            "",
            "Big Five Interpretation Utils",
            "getTraitLabel"
          ],
          "fullName": " Big Five Interpretation Utils getTraitLabel returns \"Balanced\" for neutral score",
          "status": "passed",
          "title": "returns \"Balanced\" for neutral score",
          "duration": 1,
          "failureMessages": []
        },
        {
          "ancestorTitles": [
            "",
            "Big Five Interpretation Utils",
            "getTraitDescription"
          ],
          "fullName": " Big Five Interpretation Utils getTraitDescription returns low description for low score",
          "status": "passed",
          "title": "returns low description for low score",
          "duration": 0,
          "failureMessages": []
        },
        {
          "ancestorTitles": [
            "",
            "Big Five Interpretation Utils",
            "getTraitDescription"
          ],
          "fullName": " Big Five Interpretation Utils getTraitDescription returns high description for high score",
          "status": "passed",
          "title": "returns high description for high score",
          "duration": 2,
          "failureMessages": []
        },
        {
          "ancestorTitles": [
            "",
            "Big Five Interpretation Utils",
            "getTraitDescription"
          ],
          "fullName": " Big Five Interpretation Utils getTraitDescription returns balanced description for neutral score",
          "status": "passed",
          "title": "returns balanced description for neutral score",
          "duration": 1,
          "failureMessages": []
        },
        {
          "ancestorTitles": [
            "",
            "Big Five Interpretation Utils",
            "getMarkedColor"
          ],
          "fullName": " Big Five Interpretation Utils getMarkedColor returns gray for neutral",
          "status": "passed",
          "title": "returns gray for neutral",
          "duration": 0,
          "failureMessages": []
        },
        {
          "ancestorTitles": [
            "",
            "Big Five Interpretation Utils",
            "getMarkedColor"
          ],
          "fullName": " Big Five Interpretation Utils getMarkedColor returns trait color for non-neutral",
          "status": "passed",
          "title": "returns trait color for non-neutral",
          "duration": 0,
          "failureMessages": []
        }
      ],
      "startTime": 1773314589554,
      "endTime": 1773314589573,
      "status": "passed",
      "message": "",
      "name": "C:/Users/nmatton/OneDrive - Université de Namur/PhD_Nicolas_Matton/AgilePractices/APR_proto/bmad_version/client/src/features/big-five/utils/traitInterpretation.test.ts"
    },
    {
      "assertionResults": [
        {
          "ancestorTitles": [
            "",
            "useBigFiveProfile"
          ],
          "fullName": " useBigFiveProfile should start with loading state true",
          "status": "passed",
          "title": "should start with loading state true",
          "duration": 47,
          "failureMessages": []
        },
        {
          "ancestorTitles": [
            "",
            "useBigFiveProfile"
          ],
          "fullName": " useBigFiveProfile should return scores on successful fetch",
          "status": "passed",
          "title": "should return scores on successful fetch",
          "duration": 99,
          "failureMessages": []
        },
        {
          "ancestorTitles": [
            "",
            "useBigFiveProfile"
          ],
          "fullName": " useBigFiveProfile should handle API errors",
          "status": "passed",
          "title": "should handle API errors",
          "duration": 136,
          "failureMessages": []
        },
        {
          "ancestorTitles": [
            "",
            "useBigFiveProfile"
          ],
          "fullName": " useBigFiveProfile should handle non-Error objects thrown",
          "status": "passed",
          "title": "should handle non-Error objects thrown",
          "duration": 111,
          "failureMessages": []
        }
      ],
      "startTime": 1773314585039,
      "endTime": 1773314585434,
      "status": "passed",
      "message": "",
      "name": "C:/Users/nmatton/OneDrive - Université de Namur/PhD_Nicolas_Matton/AgilePractices/APR_proto/bmad_version/client/src/features/big-five/hooks/useBigFiveProfile.test.ts"
    },
    {
      "assertionResults": [
        {
          "ancestorTitles": [
            "",
            "CategoryCoverageBreakdown"
          ],
          "fullName": " CategoryCoverageBreakdown renders all 5 categories with percentages",
          "status": "passed",
          "title": "renders all 5 categories with percentages",
          "duration": 184,
          "failureMessages": []
        },
        {
          "ancestorTitles": [
            "",
            "CategoryCoverageBreakdown"
          ],
          "fullName": " CategoryCoverageBreakdown renders grid layout with all 5 categories",
          "status": "passed",
          "title": "renders grid layout with all 5 categories",
          "duration": 222,
          "failureMessages": []
        },
        {
          "ancestorTitles": [
            "",
            "CategoryCoverageBreakdown"
          ],
          "fullName": " CategoryCoverageBreakdown applies green color coding for 75%+ coverage",
          "status": "passed",
          "title": "applies green color coding for 75%+ coverage",
          "duration": 25,
          "failureMessages": []
        },
        {
          "ancestorTitles": [
            "",
            "CategoryCoverageBreakdown"
          ],
          "fullName": " CategoryCoverageBreakdown applies yellow color coding for 50-74% coverage",
          "status": "passed",
          "title": "applies yellow color coding for 50-74% coverage",
          "duration": 22,
          "failureMessages": []
        },
        {
          "ancestorTitles": [
            "",
            "CategoryCoverageBreakdown"
          ],
          "fullName": " CategoryCoverageBreakdown applies red color coding for <50% coverage",
          "status": "passed",
          "title": "applies red color coding for <50% coverage",
          "duration": 28,
          "failureMessages": []
        },
        {
          "ancestorTitles": [
            "",
            "CategoryCoverageBreakdown"
          ],
          "fullName": " CategoryCoverageBreakdown displays warning icon for categories with <50% coverage",
          "status": "passed",
          "title": "displays warning icon for categories with <50% coverage",
          "duration": 66,
          "failureMessages": []
        },
        {
          "ancestorTitles": [
            "",
            "CategoryCoverageBreakdown"
          ],
          "fullName": " CategoryCoverageBreakdown expands category to show detail view when clicked",
          "status": "passed",
          "title": "expands category to show detail view when clicked",
          "duration": 80,
          "failureMessages": []
        },
        {
          "ancestorTitles": [
            "",
            "CategoryCoverageBreakdown"
          ],
          "fullName": " CategoryCoverageBreakdown supports keyboard activation (Enter and Space keys)",
          "status": "passed",
          "title": "supports keyboard activation (Enter and Space keys)",
          "duration": 241,
          "failureMessages": []
        },
        {
[...]
        },
        {
          "ancestorTitles": [
            "",
            "logCatalogSearched"
          ],
          "fullName": " logCatalogSearched posts catalog searched event",
          "status": "passed",
          "title": "posts catalog searched event",
          "duration": 2,
          "failureMessages": []
        },
        {
          "ancestorTitles": [
            "",
            "logAffinityDisplayed"
          ],
          "fullName": " logAffinityDisplayed posts affinity.displayed event payload",
          "status": "passed",
          "title": "posts affinity.displayed event payload",
          "duration": 3,
          "failureMessages": []
        }
      ],
      "startTime": 1773314589478,
      "endTime": 1773314589505,
      "status": "passed",
      "message": "",
      "name": "C:/Users/nmatton/OneDrive - Université de Namur/PhD_Nicolas_Matton/AgilePractices/APR_proto/bmad_version/client/src/features/practices/api/practices.api.test.ts"
    },
    {
      "assertionResults": [
        {
          "ancestorTitles": [
            "",
            "PracticeCatalog"
          ],
          "fullName": " PracticeCatalog shows skeleton while loading",
          "status": "passed",
          "title": "shows skeleton while loading",
          "duration": 189,
          "failureMessages": []
        },
        {
          "ancestorTitles": [
            "",
            "PracticeCatalog"
          ],
          "fullName": " PracticeCatalog renders practices list",
          "status": "passed",
          "title": "renders practices list",
          "duration": 93,
          "failureMessages": []
        },
        {
          "ancestorTitles": [
            "",
            "PracticeCatalog"
          ],
          "fullName": " PracticeCatalog shows empty state when no practices",
          "status": "passed",
          "title": "shows empty state when no practices",
          "duration": 51,
          "failureMessages": []
        },
        {
          "ancestorTitles": [
            "",
            "PracticeCatalog"
          ],
          "fullName": " PracticeCatalog shows search empty state message with query",
          "status": "passed",
          "title": "shows search empty state message with query",
          "duration": 51,
          "failureMessages": []
        },
        {
          "ancestorTitles": [
            "",
            "PracticeCatalog"
          ],
          "fullName": " PracticeCatalog debounces search input and updates query",
          "status": "passed",
          "title": "debounces search input and updates query",
          "duration": 403,
          "failureMessages": []
        },
        {
          "ancestorTitles": [
            "",
            "PracticeCatalog"
          ],
          "fullName": " PracticeCatalog clears search input when clicking the clear button",
          "status": "passed",
          "title": "clears search input when clicking the clear button",
          "duration": 106,
          "failureMessages": []
        },
        {
          "ancestorTitles": [
            "",
            "PracticeCatalog"
          ],
          "fullName": " PracticeCatalog shows pillar dropdown options and toggles selection",
          "status": "passed",
          "title": "shows pillar dropdown options and toggles selection",
          "duration": 477,
          "failureMessages": []
        },
        {
          "ancestorTitles": [
            "",
            "PracticeCatalog"
          ],
          "fullName": " PracticeCatalog allows multiple pillar selection",
          "status": "passed",
          "title": "allows multiple pillar selection",
          "duration": 117,
          "failureMessages": []
        },
        {
          "ancestorTitles": [
            "",
            "PracticeCatalog"
          ],
          "fullName": " PracticeCatalog clears filters from the active filters section",
          "status": "passed",
          "title": "clears filters from the active filters section",
          "duration": 65,
          "failureMessages": []
        },
        {
          "ancestorTitles": [
            "",
            "PracticeCatalog"
          ],
          "fullName": " PracticeCatalog shows toast when results update under active filters",
          "status": "passed",
          "title": "shows toast when results update under active filters",
          "duration": 72,
          "failureMessages": []
        },
        {
          "ancestorTitles": [
            "",
            "PracticeCatalog"
          ],
          "fullName": " PracticeCatalog shows error state with retry",
          "status": "passed",
          "title": "shows error state with retry",
          "duration": 17,
          "failureMessages": []
        }
      ],
      "startTime": 1773314568517,
      "endTime": 1773314570158,
      "status": "passed",
      "message": "",
      "name": "C:/Users/nmatton/OneDrive - Université de Namur/PhD_Nicolas_Matton/AgilePractices/APR_proto/bmad_version/client/src/features/practices/pages/PracticeCatalog.test.tsx"
    },
    {
      "assertionResults": [
        {
          "ancestorTitles": [
            "",
            "practices.slice"
          ],
          "fullName": " practices.slice loads practices and marks catalog viewed",
          "status": "passed",
          "title": "loads practices and marks catalog viewed",
          "duration": 6,
          "failureMessages": []
        },
        {
          "ancestorTitles": [
            "",
            "practices.slice"
          ],
          "fullName": " practices.slice logs catalog searched when filters are active",
          "status": "failed",
          "title": "logs catalog searched when filters are active",
          "duration": 16,
          "failureMessages": [
            "expected \"spy\" to be called with arguments: [ { teamId: 5, …(3) } ]\u001b[90m\n\nReceived: \n\n\u001b[1m  1st spy call:\n\n\u001b[22m\u001b[2m  Array [\u001b[22m\n\u001b[2m    Object {\u001b[22m\n\u001b[31m+     \"categoriesSelected\": Array [],\u001b[90m\n\u001b[31m+     \"methodsSelected\": Array [],\u001b[90m\n\u001b[2m      \"pillarsSelected\": Array [],\u001b[22m\n\u001b[2m      \"query\": \"standup\",\u001b[22m\n\u001b[31m+     \"tagsSelected\": Array [],\u001b[90m\n\u001b[2m      \"teamId\": 5,\u001b[22m\n\u001b[32m-     \"timestamp\": Any<String>,\u001b[90m\n\u001b[31m+     \"timestamp\": \"2026-03-12T11:22:46.763Z\",\u001b[90m\n\u001b[2m    },\u001b[22m\n\u001b[2m  ]\u001b[22m\n\u001b[39m\u001b[90m\n\nNumber of calls: \u001b[1m1\u001b[22m\n\u001b[39m"
          ],
          "location": {
            "line": 86,
            "column": 42
          }
        },
        {
          "ancestorTitles": [
            "",
            "practices.slice"
          ],
          "fullName": " practices.slice sets error on failure",
          "status": "passed",
          "title": "sets error on failure",
          "duration": 1,
          "failureMessages": []
        },
        {
          "ancestorTitles": [
            "",
            "practices.slice"
          ],
          "fullName": " practices.slice retries with last page params and logs with teamId",
          "status": "failed",
          "title": "retries with last page params and logs with teamId",
          "duration": 4,
          "failureMessages": [
            "expected 1st \"spy\" call to have been called with [ 2, 5, undefined, undefined ]"
          ],
          "location": {
            "line": 111,
            "column": 38
          }
        },
        {
          "ancestorTitles": [
            "",
            "practices.slice"
          ],
          "fullName": " practices.slice updates search and pillar filters",
          "status": "passed",
          "title": "updates search and pillar filters",
          "duration": 1,
          "failureMessages": []
        },
        {
          "ancestorTitles": [
            "",
            "practices.slice"
          ],
          "fullName": " practices.slice setPillarFilters updates selected pillars",
          "status": "passed",
          "title": "setPillarFilters updates selected pillars",
          "duration": 0,
          "failureMessages": []
        },
        {
          "ancestorTitles": [
            "",
            "practices.slice"
          ],
          "fullName": " practices.slice clears filters",
          "status": "passed",
          "title": "clears filters",
          "duration": 1,
          "failureMessages": []
        },
        {
          "ancestorTitles": [
            "",
            "practices.slice"
          ],
          "fullName": " practices.slice selectFilteredPractices applies search and pillar filters",
          "status": "passed",
          "title": "selectFilteredPractices applies search and pillar filters",
          "duration": 1,
          "failureMessages": []
        },
        {
          "ancestorTitles": [
            "",
            "practices.slice"
          ],
          "fullName": " practices.slice selectHasActiveFilters returns true when search or pillar filters are set",
          "status": "passed",
          "title": "selectHasActiveFilters returns true when search or pillar filters are set",
          "duration": 0,
          "failureMessages": []
        },
        {
          "ancestorTitles": [
            "",
            "practices.slice"
          ],
          "fullName": " practices.slice selectResultCount returns total",
          "status": "passed",
          "title": "selectResultCount returns total",
          "duration": 1,
          "failureMessages": []
        },
        {
          "ancestorTitles": [
            "",
            "practices.slice"
          ],
          "fullName": " practices.slice loads available pillars from practices",
          "status": "passed",
          "title": "loads available pillars from practices",
          "duration": 20,
          "failureMessages": []
        }
      ],
      "startTime": 1773314566756,
      "endTime": 1773314566807,
      "status": "failed",
      "message": "",
      "name": "C:/Users/nmatton/OneDrive - Université de Namur/PhD_Nicolas_Matton/AgilePractices/APR_proto/bmad_version/client/src/features/practices/state/practices.slice.test.ts"
    },
    {
      "assertionResults": [
        {
          "ancestorTitles": [
            "",
            "CommentForm"
          ],
          "fullName": " CommentForm renders correctly",
          "status": "passed",
          "title": "renders correctly",
          "duration": 331,
          "failureMessages": []
        },
        {
          "ancestorTitles": [
            "",
            "CommentForm"
          ],
          "fullName": " CommentForm enables button when input is provided",
          "status": "passed",
          "title": "enables button when input is provided",
          "duration": 69,
          "failureMessages": []
        },
        {
          "ancestorTitles": [
            "",
            "CommentForm"
          ],
          "fullName": " CommentForm loads draft from localStorage",
          "status": "passed",
          "title": "loads draft from localStorage",
          "duration": 29,
          "failureMessages": []
        },
        {
          "ancestorTitles": [
            "",
            "CommentForm"
          ],
          "fullName": " CommentForm saves draft to localStorage on change",
          "status": "passed",
          "title": "saves draft to localStorage on change",
          "duration": 18,
          "failureMessages": []
        },
        {
          "ancestorTitles": [
            "",
            "CommentForm"
          ],
          "fullName": " CommentForm calls onSubmit and clears localStorage on successful submission",
          "status": "passed",
          "title": "calls onSubmit and clears localStorage on successful submission",
          "duration": 90,
          "failureMessages": []
        },
        {
          "ancestorTitles": [
            "",
            "CommentForm"
          ],
          "fullName": " CommentForm disables input and button while submitting",
          "status": "passed",
          "title": "disables input and button while submitting",
          "duration": 20,
          "failureMessages": []
        }
      ],
      "startTime": 1773314577188,
      "endTime": 1773314577746,
      "status": "passed",
      "message": "",
      "name": "C:/Users/nmatton/OneDrive - Université de Namur/PhD_Nicolas_Matton/AgilePractices/APR_proto/bmad_version/client/src/features/issues/components/__tests__/CommentForm.test.tsx"
    },
    {
      "assertionResults": [
        {
          "ancestorTitles": [
            "",
            "DecisionModal"
          ],
          "fullName": " DecisionModal renders correctly when open",
          "status": "passed",
          "title": "renders correctly when open",
          "duration": 249,
          "failureMessages": []
        },
        {
          "ancestorTitles": [
            "",
            "DecisionModal"
          ],
          "fullName": " DecisionModal does not render when closed",
          "status": "passed",
          "title": "does not render when closed",
          "duration": 14,
          "failureMessages": []
        },
        {
          "ancestorTitles": [
            "",
            "DecisionModal"
          ],
          "fullName": " DecisionModal shows validation error if text is too short",
          "status": "passed",
          "title": "shows validation error if text is too short",
          "duration": 262,
          "failureMessages": []
        },
        {
          "ancestorTitles": [
            "",
            "DecisionModal"
          ],
          "fullName": " DecisionModal submits successfully and closes modal on success",
          "status": "passed",
          "title": "submits successfully and closes modal on success",
          "duration": 139,
          "failureMessages": []
        }
      ],
      "startTime": 1773314576336,
      "endTime": 1773314577000,
      "status": "passed",
      "message": "",
      "name": "C:/Users/nmatton/OneDrive - Université de Namur/PhD_Nicolas_Matton/AgilePractices/APR_proto/bmad_version/client/src/features/issues/components/__tests__/DecisionModal.test.tsx"
    },
    {
      "assertionResults": [
        {
          "ancestorTitles": [
            "",
            "IssueDetailView"
          ],
          "fullName": " IssueDetailView renders issue details after loading",
          "status": "passed",
          "title": "renders issue details after loading",
          "duration": 456,
          "failureMessages": []
        },
        {
          "ancestorTitles": [
            "",
            "IssueDetailView"
          ],
          "fullName": " IssueDetailView shows error if not found",
          "status": "passed",
          "title": "shows error if not found",
          "duration": 31,
          "failureMessages": []
        },
        {
          "ancestorTitles": [
            "",
            "IssueDetailView"
          ],
          "fullName": " IssueDetailView renders one RecommendationWidget per linked practice",
          "status": "passed",
          "title": "renders one RecommendationWidget per linked practice",
          "duration": 98,
          "failureMessages": []
        }
      ],
      "startTime": 1773314582364,
      "endTime": 1773314582950,
      "status": "passed",
      "message": "",
      "name": "C:/Users/nmatton/OneDrive - Université de Namur/PhD_Nicolas_Matton/AgilePractices/APR_proto/bmad_version/client/src/features/issues/components/__tests__/IssueDetailView.test.tsx"
    },
    {
      "assertionResults": [
        {
          "ancestorTitles": [
            "",
            "IssueSubmissionModal"
          ],
          "fullName": " IssueSubmissionModal renders correctly when open",
          "status": "passed",
          "title": "renders correctly when open",
          "duration": 288,
          "failureMessages": []
        },
        {
          "ancestorTitles": [
            "",
            "IssueSubmissionModal"
          ],
          "fullName": " IssueSubmissionModal validates required fields",
          "status": "passed",
          "title": "validates required fields",
          "duration": 157,
          "failureMessages": []
        },
        {
          "ancestorTitles": [
            "",
            "IssueSubmissionModal"
          ],
          "fullName": " IssueSubmissionModal submits form with valid data",
          "status": "passed",
          "title": "submits form with valid data",
          "duration": 1467,
          "failureMessages": []
        }
      ],
      "startTime": 1773314569029,
      "endTime": 1773314570941,
      "status": "passed",
      "message": "",
      "name": "C:/Users/nmatton/OneDrive - Université de Namur/PhD_Nicolas_Matton/AgilePractices/APR_proto/bmad_version/client/src/features/issues/components/__tests__/IssueSubmissionModal.test.tsx"
    },
    {
      "assertionResults": [
        {
          "ancestorTitles": [
            "",
            "RecommendationWidget"
          ],
          "fullName": " RecommendationWidget displays loading skeleton initially",
          "status": "passed",
          "title": "displays loading skeleton initially",
          "duration": 103,
          "failureMessages": []
        },
        {
          "ancestorTitles": [
            "",
            "RecommendationWidget"
          ],
          "fullName": " RecommendationWidget renders recommendation cards after loading",
          "status": "passed",
          "title": "renders recommendation cards after loading",
          "duration": 110,
          "failureMessages": []
        },
        {
          "ancestorTitles": [
            "",
            "RecommendationWidget"
          ],
          "fullName": " RecommendationWidget displays at most 3 recommendations even if more are returned",
          "status": "passed",
          "title": "displays at most 3 recommendations even if more are returned",
          "duration": 73,
          "failureMessages": []
        },
        {
          "ancestorTitles": [
            "",
            "RecommendationWidget"
          ],
          "fullName": " RecommendationWidget shows empty state when no recommendations",
          "status": "passed",
          "title": "shows empty state when no recommendations",
          "duration": 36,
          "failureMessages": []
        },
        {
          "ancestorTitles": [
            "",
            "RecommendationWidget"
          ],
          "fullName": " RecommendationWidget shows error state when API fails",
          "status": "passed",
          "title": "shows error state when API fails",
          "duration": 32,
          "failureMessages": []
        },
        {
          "ancestorTitles": [
            "",
            "RecommendationWidget"
          ],
          "fullName": " RecommendationWidget calls onPracticeClick when a recommendation card is clicked",
          "status": "passed",
          "title": "calls onPracticeClick when a recommendation card is clicked",
          "duration": 302,
          "failureMessages": []
        },
        {
          "ancestorTitles": [
            "",
            "RecommendationWidget"
          ],
          "fullName": " RecommendationWidget fetches recommendations with correct teamId and practiceId",
          "status": "passed",
          "title": "fetches recommendations with correct teamId and practiceId",
          "duration": 12,
          "failureMessages": []
        }
      ],
      "startTime": 1773314578283,
      "endTime": 1773314578952,
      "status": "passed",
      "message": "",
      "name": "C:/Users/nmatton/OneDrive - Université de Namur/PhD_Nicolas_Matton/AgilePractices/APR_proto/bmad_version/client/src/features/issues/components/__tests__/RecommendationWidget.test.tsx"
    }
  ]
}